[0.015s] Invoking command in '/home/hmi/Desktop/humble_ws/build/carter_navigation': CMAKE_PREFIX_PATH=/opt/ros/humble /usr/bin/cmake /home/hmi/Desktop/humble_ws/src/navigation/carter_navigation -DCMAKE_INSTALL_PREFIX=/home/hmi/Desktop/humble_ws/install/carter_navigation
[0.139s] -- The C compiler identification is GNU 11.4.0
[0.139s] -- The CXX compiler identification is GNU 11.4.0
[0.139s] -- Detecting C compiler ABI info
[0.139s] -- Detecting C compiler ABI info - done
[0.139s] -- Check for working C compiler: /usr/bin/cc - skipped
[0.139s] -- Detecting C compile features
[0.139s] -- Detecting C compile features - done
[0.139s] -- Detecting CXX compiler ABI info
[0.185s] -- Detecting CXX compiler ABI info - done
[0.190s] -- Check for working CXX compiler: /usr/bin/c++ - skipped
[0.190s] -- Detecting CXX compile features
[0.190s] -- Detecting CXX compile features - done
[0.192s] -- Found ament_cmake: 1.3.11 (/opt/ros/humble/share/ament_cmake/cmake)
[0.307s] -- Found Python3: /usr/bin/python3 (found version "3.10.12") found components: Interpreter 
[0.410s] -- Configuring done
[0.410s] -- Generating done
[0.411s] -- Build files have been written to: /home/hmi/Desktop/humble_ws/build/carter_navigation
[0.414s] Invoked command in '/home/hmi/Desktop/humble_ws/build/carter_navigation' returned '0': CMAKE_PREFIX_PATH=/opt/ros/humble /usr/bin/cmake /home/hmi/Desktop/humble_ws/src/navigation/carter_navigation -DCMAKE_INSTALL_PREFIX=/home/hmi/Desktop/humble_ws/install/carter_navigation
[0.415s] Invoking command in '/home/hmi/Desktop/humble_ws/build/carter_navigation': CMAKE_PREFIX_PATH=/opt/ros/humble /usr/bin/cmake --build /home/hmi/Desktop/humble_ws/build/carter_navigation -- -j32 -l32
[0.448s] Invoked command in '/home/hmi/Desktop/humble_ws/build/carter_navigation' returned '0': CMAKE_PREFIX_PATH=/opt/ros/humble /usr/bin/cmake --build /home/hmi/Desktop/humble_ws/build/carter_navigation -- -j32 -l32
[0.455s] Invoking command in '/home/hmi/Desktop/humble_ws/build/carter_navigation': CMAKE_PREFIX_PATH=/opt/ros/humble /usr/bin/cmake --install /home/hmi/Desktop/humble_ws/build/carter_navigation
[0.461s] -- Install configuration: ""
[0.461s] -- Installing: /home/hmi/Desktop/humble_ws/install/carter_navigation/share/carter_navigation/launch
[0.461s] -- Installing: /home/hmi/Desktop/humble_ws/install/carter_navigation/share/carter_navigation/launch/carter_navigation.launch.py
[0.461s] -- Installing: /home/hmi/Desktop/humble_ws/install/carter_navigation/share/carter_navigation/launch/multiple_robot_carter_navigation_hospital.launch.py
[0.461s] -- Installing: /home/hmi/Desktop/humble_ws/install/carter_navigation/share/carter_navigation/launch/carter_navigation_individual.launch.py
[0.461s] -- Installing: /home/hmi/Desktop/humble_ws/install/carter_navigation/share/carter_navigation/launch/carter_navigation_isaacsim.launch.py
[0.461s] -- Installing: /home/hmi/Desktop/humble_ws/install/carter_navigation/share/carter_navigation/launch/multiple_robot_carter_navigation_office.launch.py
[0.462s] -- Installing: /home/hmi/Desktop/humble_ws/install/carter_navigation/share/carter_navigation/launch/issac_carter_navigation.launch.py
[0.462s] -- Installing: /home/hmi/Desktop/humble_ws/install/carter_navigation/share/carter_navigation/params
[0.462s] -- Installing: /home/hmi/Desktop/humble_ws/install/carter_navigation/share/carter_navigation/params/carter_navigation_params.yaml
[0.462s] -- Installing: /home/hmi/Desktop/humble_ws/install/carter_navigation/share/carter_navigation/params/hospital
[0.462s] -- Installing: /home/hmi/Desktop/humble_ws/install/carter_navigation/share/carter_navigation/params/hospital/multi_robot_carter_navigation_params_2.yaml
[0.462s] -- Installing: /home/hmi/Desktop/humble_ws/install/carter_navigation/share/carter_navigation/params/hospital/multi_robot_carter_navigation_params_1.yaml
[0.462s] -- Installing: /home/hmi/Desktop/humble_ws/install/carter_navigation/share/carter_navigation/params/hospital/multi_robot_carter_navigation_params_3.yaml
[0.462s] -- Installing: /home/hmi/Desktop/humble_ws/install/carter_navigation/share/carter_navigation/params/office
[0.462s] -- Installing: /home/hmi/Desktop/humble_ws/install/carter_navigation/share/carter_navigation/params/office/multi_robot_carter_navigation_params_2.yaml
[0.462s] -- Installing: /home/hmi/Desktop/humble_ws/install/carter_navigation/share/carter_navigation/params/office/multi_robot_carter_navigation_params_1.yaml
[0.462s] -- Installing: /home/hmi/Desktop/humble_ws/install/carter_navigation/share/carter_navigation/params/office/multi_robot_carter_navigation_params_3.yaml
[0.463s] -- Installing: /home/hmi/Desktop/humble_ws/install/carter_navigation/share/carter_navigation/maps
[0.463s] -- Installing: /home/hmi/Desktop/humble_ws/install/carter_navigation/share/carter_navigation/maps/carter_warehouse_navigation.yaml
[0.463s] -- Installing: /home/hmi/Desktop/humble_ws/install/carter_navigation/share/carter_navigation/maps/carter_hospital_navigation.yaml
[0.463s] -- Installing: /home/hmi/Desktop/humble_ws/install/carter_navigation/share/carter_navigation/maps/carter_warehouse_navigation.png
[0.463s] -- Installing: /home/hmi/Desktop/humble_ws/install/carter_navigation/share/carter_navigation/maps/carter_office_navigation.png
[0.463s] -- Installing: /home/hmi/Desktop/humble_ws/install/carter_navigation/share/carter_navigation/maps/carter_hospital_navigation.png
[0.463s] -- Installing: /home/hmi/Desktop/humble_ws/install/carter_navigation/share/carter_navigation/maps/warehouse_shelves.png
[0.463s] -- Installing: /home/hmi/Desktop/humble_ws/install/carter_navigation/share/carter_navigation/maps/carter_office_navigation.yaml
[0.464s] -- Installing: /home/hmi/Desktop/humble_ws/install/carter_navigation/share/carter_navigation/maps/5fimage.yaml
[0.464s] -- Installing: /home/hmi/Desktop/humble_ws/install/carter_navigation/share/carter_navigation/maps/warehouse_shelves.yaml
[0.464s] -- Installing: /home/hmi/Desktop/humble_ws/install/carter_navigation/share/carter_navigation/maps/5fimage.png
[0.464s] -- Installing: /home/hmi/Desktop/humble_ws/install/carter_navigation/share/carter_navigation/rviz2
[0.464s] -- Installing: /home/hmi/Desktop/humble_ws/install/carter_navigation/share/carter_navigation/rviz2/carter_navigation_namespaced.rviz
[0.464s] -- Installing: /home/hmi/Desktop/humble_ws/install/carter_navigation/share/carter_navigation/rviz2/carter_navigation.rviz
[0.464s] -- Installing: /home/hmi/Desktop/humble_ws/install/carter_navigation/share/ament_index/resource_index/package_run_dependencies/carter_navigation
[0.464s] -- Installing: /home/hmi/Desktop/humble_ws/install/carter_navigation/share/ament_index/resource_index/parent_prefix_path/carter_navigation
[0.464s] -- Installing: /home/hmi/Desktop/humble_ws/install/carter_navigation/share/carter_navigation/environment/ament_prefix_path.sh
[0.464s] -- Installing: /home/hmi/Desktop/humble_ws/install/carter_navigation/share/carter_navigation/environment/ament_prefix_path.dsv
[0.464s] -- Installing: /home/hmi/Desktop/humble_ws/install/carter_navigation/share/carter_navigation/environment/path.sh
[0.465s] -- Installing: /home/hmi/Desktop/humble_ws/install/carter_navigation/share/carter_navigation/environment/path.dsv
[0.465s] -- Installing: /home/hmi/Desktop/humble_ws/install/carter_navigation/share/carter_navigation/local_setup.bash
[0.465s] -- Installing: /home/hmi/Desktop/humble_ws/install/carter_navigation/share/carter_navigation/local_setup.sh
[0.465s] -- Installing: /home/hmi/Desktop/humble_ws/install/carter_navigation/share/carter_navigation/local_setup.zsh
[0.465s] -- Installing: /home/hmi/Desktop/humble_ws/install/carter_navigation/share/carter_navigation/local_setup.dsv
[0.465s] -- Installing: /home/hmi/Desktop/humble_ws/install/carter_navigation/share/carter_navigation/package.dsv
[0.465s] -- Installing: /home/hmi/Desktop/humble_ws/install/carter_navigation/share/ament_index/resource_index/packages/carter_navigation
[0.465s] -- Installing: /home/hmi/Desktop/humble_ws/install/carter_navigation/share/carter_navigation/cmake/carter_navigationConfig.cmake
[0.466s] -- Installing: /home/hmi/Desktop/humble_ws/install/carter_navigation/share/carter_navigation/cmake/carter_navigationConfig-version.cmake
[0.466s] -- Installing: /home/hmi/Desktop/humble_ws/install/carter_navigation/share/carter_navigation/package.xml
[0.466s] Invoked command in '/home/hmi/Desktop/humble_ws/build/carter_navigation' returned '0': CMAKE_PREFIX_PATH=/opt/ros/humble /usr/bin/cmake --install /home/hmi/Desktop/humble_ws/build/carter_navigation
