[0.404s] Invoking command in '/home/hmi/Desktop/humble_ws/src/navigation/isaac_ros_navigation_goal': PYTHONPATH=/home/hmi/Desktop/humble_ws/build/isaac_ros_navigation_goal/prefix_override:/usr/lib/python3/dist-packages/colcon_core/task/python/colcon_distutils_commands:/home/hmi/Desktop/humble_ws/install/isaac_ros_navigation_goal/lib/python3.10/site-packages:${PYTHONPATH} /usr/bin/python3 -W ignore:setup.py install is deprecated -W ignore:easy_install command is deprecated setup.py egg_info --egg-base ../../../build/isaac_ros_navigation_goal build --build-base /home/hmi/Desktop/humble_ws/build/isaac_ros_navigation_goal/build install --record /home/hmi/Desktop/humble_ws/build/isaac_ros_navigation_goal/install.log --single-version-externally-managed install_data
[0.541s] running egg_info
[0.541s] creating ../../../build/isaac_ros_navigation_goal/isaac_ros_navigation_goal.egg-info
[0.542s] writing ../../../build/isaac_ros_navigation_goal/isaac_ros_navigation_goal.egg-info/PKG-INFO
[0.542s] writing dependency_links to ../../../build/isaac_ros_navigation_goal/isaac_ros_navigation_goal.egg-info/dependency_links.txt
[0.542s] writing entry points to ../../../build/isaac_ros_navigation_goal/isaac_ros_navigation_goal.egg-info/entry_points.txt
[0.542s] writing requirements to ../../../build/isaac_ros_navigation_goal/isaac_ros_navigation_goal.egg-info/requires.txt
[0.542s] writing top-level names to ../../../build/isaac_ros_navigation_goal/isaac_ros_navigation_goal.egg-info/top_level.txt
[0.542s] writing manifest file '../../../build/isaac_ros_navigation_goal/isaac_ros_navigation_goal.egg-info/SOURCES.txt'
[0.543s] reading manifest file '../../../build/isaac_ros_navigation_goal/isaac_ros_navigation_goal.egg-info/SOURCES.txt'
[0.543s] writing manifest file '../../../build/isaac_ros_navigation_goal/isaac_ros_navigation_goal.egg-info/SOURCES.txt'
[0.543s] running build
[0.544s] running build_py
[0.544s] creating /home/hmi/Desktop/humble_ws/build/isaac_ros_navigation_goal/build
[0.544s] creating /home/hmi/Desktop/humble_ws/build/isaac_ros_navigation_goal/build/lib
[0.544s] creating /home/hmi/Desktop/humble_ws/build/isaac_ros_navigation_goal/build/lib/isaac_ros_navigation_goal
[0.544s] copying isaac_ros_navigation_goal/__init__.py -> /home/hmi/Desktop/humble_ws/build/isaac_ros_navigation_goal/build/lib/isaac_ros_navigation_goal
[0.544s] copying isaac_ros_navigation_goal/obstacle_map.py -> /home/hmi/Desktop/humble_ws/build/isaac_ros_navigation_goal/build/lib/isaac_ros_navigation_goal
[0.544s] copying isaac_ros_navigation_goal/set_goal.py -> /home/hmi/Desktop/humble_ws/build/isaac_ros_navigation_goal/build/lib/isaac_ros_navigation_goal
[0.544s] creating /home/hmi/Desktop/humble_ws/build/isaac_ros_navigation_goal/build/lib/isaac_ros_navigation_goal/goal_generators
[0.544s] copying isaac_ros_navigation_goal/goal_generators/goal_reader.py -> /home/hmi/Desktop/humble_ws/build/isaac_ros_navigation_goal/build/lib/isaac_ros_navigation_goal/goal_generators
[0.544s] copying isaac_ros_navigation_goal/goal_generators/random_goal_generator.py -> /home/hmi/Desktop/humble_ws/build/isaac_ros_navigation_goal/build/lib/isaac_ros_navigation_goal/goal_generators
[0.544s] copying isaac_ros_navigation_goal/goal_generators/__init__.py -> /home/hmi/Desktop/humble_ws/build/isaac_ros_navigation_goal/build/lib/isaac_ros_navigation_goal/goal_generators
[0.544s] copying isaac_ros_navigation_goal/goal_generators/goal_generator.py -> /home/hmi/Desktop/humble_ws/build/isaac_ros_navigation_goal/build/lib/isaac_ros_navigation_goal/goal_generators
[0.545s] running install
[0.545s] running install_lib
[0.545s] creating /home/hmi/Desktop/humble_ws/install/isaac_ros_navigation_goal/lib/python3.10/site-packages/isaac_ros_navigation_goal
[0.545s] copying /home/hmi/Desktop/humble_ws/build/isaac_ros_navigation_goal/build/lib/isaac_ros_navigation_goal/__init__.py -> /home/hmi/Desktop/humble_ws/install/isaac_ros_navigation_goal/lib/python3.10/site-packages/isaac_ros_navigation_goal
[0.545s] creating /home/hmi/Desktop/humble_ws/install/isaac_ros_navigation_goal/lib/python3.10/site-packages/isaac_ros_navigation_goal/goal_generators
[0.545s] copying /home/hmi/Desktop/humble_ws/build/isaac_ros_navigation_goal/build/lib/isaac_ros_navigation_goal/goal_generators/goal_reader.py -> /home/hmi/Desktop/humble_ws/install/isaac_ros_navigation_goal/lib/python3.10/site-packages/isaac_ros_navigation_goal/goal_generators
[0.545s] copying /home/hmi/Desktop/humble_ws/build/isaac_ros_navigation_goal/build/lib/isaac_ros_navigation_goal/goal_generators/random_goal_generator.py -> /home/hmi/Desktop/humble_ws/install/isaac_ros_navigation_goal/lib/python3.10/site-packages/isaac_ros_navigation_goal/goal_generators
[0.545s] copying /home/hmi/Desktop/humble_ws/build/isaac_ros_navigation_goal/build/lib/isaac_ros_navigation_goal/goal_generators/__init__.py -> /home/hmi/Desktop/humble_ws/install/isaac_ros_navigation_goal/lib/python3.10/site-packages/isaac_ros_navigation_goal/goal_generators
[0.545s] copying /home/hmi/Desktop/humble_ws/build/isaac_ros_navigation_goal/build/lib/isaac_ros_navigation_goal/goal_generators/goal_generator.py -> /home/hmi/Desktop/humble_ws/install/isaac_ros_navigation_goal/lib/python3.10/site-packages/isaac_ros_navigation_goal/goal_generators
[0.546s] copying /home/hmi/Desktop/humble_ws/build/isaac_ros_navigation_goal/build/lib/isaac_ros_navigation_goal/obstacle_map.py -> /home/hmi/Desktop/humble_ws/install/isaac_ros_navigation_goal/lib/python3.10/site-packages/isaac_ros_navigation_goal
[0.546s] copying /home/hmi/Desktop/humble_ws/build/isaac_ros_navigation_goal/build/lib/isaac_ros_navigation_goal/set_goal.py -> /home/hmi/Desktop/humble_ws/install/isaac_ros_navigation_goal/lib/python3.10/site-packages/isaac_ros_navigation_goal
[0.546s] byte-compiling /home/hmi/Desktop/humble_ws/install/isaac_ros_navigation_goal/lib/python3.10/site-packages/isaac_ros_navigation_goal/__init__.py to __init__.cpython-310.pyc
[0.546s] byte-compiling /home/hmi/Desktop/humble_ws/install/isaac_ros_navigation_goal/lib/python3.10/site-packages/isaac_ros_navigation_goal/goal_generators/goal_reader.py to goal_reader.cpython-310.pyc
[0.546s] byte-compiling /home/hmi/Desktop/humble_ws/install/isaac_ros_navigation_goal/lib/python3.10/site-packages/isaac_ros_navigation_goal/goal_generators/random_goal_generator.py to random_goal_generator.cpython-310.pyc
[0.546s] byte-compiling /home/hmi/Desktop/humble_ws/install/isaac_ros_navigation_goal/lib/python3.10/site-packages/isaac_ros_navigation_goal/goal_generators/__init__.py to __init__.cpython-310.pyc
[0.546s] byte-compiling /home/hmi/Desktop/humble_ws/install/isaac_ros_navigation_goal/lib/python3.10/site-packages/isaac_ros_navigation_goal/goal_generators/goal_generator.py to goal_generator.cpython-310.pyc
[0.546s] byte-compiling /home/hmi/Desktop/humble_ws/install/isaac_ros_navigation_goal/lib/python3.10/site-packages/isaac_ros_navigation_goal/obstacle_map.py to obstacle_map.cpython-310.pyc
[0.547s] byte-compiling /home/hmi/Desktop/humble_ws/install/isaac_ros_navigation_goal/lib/python3.10/site-packages/isaac_ros_navigation_goal/set_goal.py to set_goal.cpython-310.pyc
[0.547s] running install_data
[0.548s] creating /home/hmi/Desktop/humble_ws/install/isaac_ros_navigation_goal/share/ament_index
[0.548s] creating /home/hmi/Desktop/humble_ws/install/isaac_ros_navigation_goal/share/ament_index/resource_index
[0.548s] creating /home/hmi/Desktop/humble_ws/install/isaac_ros_navigation_goal/share/ament_index/resource_index/packages
[0.548s] copying resource/isaac_ros_navigation_goal -> /home/hmi/Desktop/humble_ws/install/isaac_ros_navigation_goal/share/ament_index/resource_index/packages
[0.548s] copying package.xml -> /home/hmi/Desktop/humble_ws/install/isaac_ros_navigation_goal/share/isaac_ros_navigation_goal
[0.548s] creating /home/hmi/Desktop/humble_ws/install/isaac_ros_navigation_goal/share/isaac_ros_navigation_goal/launch
[0.548s] copying launch/isaac_ros_navigation_goal.launch.py -> /home/hmi/Desktop/humble_ws/install/isaac_ros_navigation_goal/share/isaac_ros_navigation_goal/launch
[0.548s] creating /home/hmi/Desktop/humble_ws/install/isaac_ros_navigation_goal/share/isaac_ros_navigation_goal/assets
[0.548s] copying assets/carter_warehouse_navigation.yaml -> /home/hmi/Desktop/humble_ws/install/isaac_ros_navigation_goal/share/isaac_ros_navigation_goal/assets
[0.548s] copying assets/carter_warehouse_navigation.png -> /home/hmi/Desktop/humble_ws/install/isaac_ros_navigation_goal/share/isaac_ros_navigation_goal/assets
[0.548s] copying assets/warehouse_shelves.png -> /home/hmi/Desktop/humble_ws/install/isaac_ros_navigation_goal/share/isaac_ros_navigation_goal/assets
[0.548s] copying assets/goals.txt -> /home/hmi/Desktop/humble_ws/install/isaac_ros_navigation_goal/share/isaac_ros_navigation_goal/assets
[0.548s] copying assets/warehouse_shelves.yaml -> /home/hmi/Desktop/humble_ws/install/isaac_ros_navigation_goal/share/isaac_ros_navigation_goal/assets
[0.549s] running install_egg_info
[0.549s] Copying ../../../build/isaac_ros_navigation_goal/isaac_ros_navigation_goal.egg-info to /home/hmi/Desktop/humble_ws/install/isaac_ros_navigation_goal/lib/python3.10/site-packages/isaac_ros_navigation_goal-0.0.1-py3.10.egg-info
[0.549s] running install_scripts
[0.563s] Installing SetNavigationGoal script to /home/hmi/Desktop/humble_ws/install/isaac_ros_navigation_goal/lib/isaac_ros_navigation_goal
[0.563s] writing list of installed files to '/home/hmi/Desktop/humble_ws/build/isaac_ros_navigation_goal/install.log'
[0.577s] Invoked command in '/home/hmi/Desktop/humble_ws/src/navigation/isaac_ros_navigation_goal' returned '0': PYTHONPATH=/home/hmi/Desktop/humble_ws/build/isaac_ros_navigation_goal/prefix_override:/usr/lib/python3/dist-packages/colcon_core/task/python/colcon_distutils_commands:/home/hmi/Desktop/humble_ws/install/isaac_ros_navigation_goal/lib/python3.10/site-packages:${PYTHONPATH} /usr/bin/python3 -W ignore:setup.py install is deprecated -W ignore:easy_install command is deprecated setup.py egg_info --egg-base ../../../build/isaac_ros_navigation_goal build --build-base /home/hmi/Desktop/humble_ws/build/isaac_ros_navigation_goal/build install --record /home/hmi/Desktop/humble_ws/build/isaac_ros_navigation_goal/install.log --single-version-externally-managed install_data
