[0.042s] DEBUG:colcon:Command line arguments: ['/usr/bin/colcon', 'build']
[0.042s] DEBUG:colcon:Parsed command line arguments: Namespace(log_base=None, log_level=None, verb_name='build', build_base='build', install_base='install', merge_install=False, symlink_install=False, test_result_base=None, continue_on_error=False, executor='parallel', parallel_workers=32, event_handlers=None, ignore_user_meta=False, metas=['./colcon.meta'], base_paths=['.'], packages_ignore=None, packages_ignore_regex=None, paths=None, packages_up_to=None, packages_up_to_regex=None, packages_above=None, packages_above_and_dependencies=None, packages_above_depth=None, packages_select_by_dep=None, packages_skip_by_dep=None, packages_skip_up_to=None, packages_select_build_failed=False, packages_skip_build_finished=False, packages_select_test_failures=False, packages_skip_test_passed=False, packages_select=None, packages_skip=None, packages_select_regex=None, packages_skip_regex=None, packages_start=None, packages_end=None, allow_overriding=[], cmake_args=None, cmake_target=None, cmake_target_skip_unavailable=False, cmake_clean_cache=False, cmake_clean_first=False, cmake_force_configure=False, ament_cmake_args=None, catkin_cmake_args=None, catkin_skip_building_tests=False, verb_parser=<colcon_defaults.argument_parser.defaults.DefaultArgumentsDecorator object at 0x74d65acdfdf0>, verb_extension=<colcon_core.verb.build.BuildVerb object at 0x74d65ae651b0>, main=<bound method BuildVerb.main of <colcon_core.verb.build.BuildVerb object at 0x74d65ae651b0>>)
[0.107s] Level 1:colcon.colcon_core.package_discovery:discover_packages(colcon_meta) check parameters
[0.107s] Level 1:colcon.colcon_core.package_discovery:discover_packages(recursive) check parameters
[0.107s] Level 1:colcon.colcon_core.package_discovery:discover_packages(ignore) check parameters
[0.107s] Level 1:colcon.colcon_core.package_discovery:discover_packages(path) check parameters
[0.107s] Level 1:colcon.colcon_core.package_discovery:discover_packages(colcon_meta) discover
[0.107s] Level 1:colcon.colcon_core.package_discovery:discover_packages(recursive) discover
[0.107s] INFO:colcon.colcon_core.package_discovery:Crawling recursively for packages in '/home/hmi/Desktop/humble_ws'
[0.107s] Level 1:colcon.colcon_core.package_identification:_identify(.) by extensions ['ignore', 'ignore_ament_install']
[0.107s] Level 1:colcon.colcon_core.package_identification:_identify(.) by extension 'ignore'
[0.107s] Level 1:colcon.colcon_core.package_identification:_identify(.) by extension 'ignore_ament_install'
[0.107s] Level 1:colcon.colcon_core.package_identification:_identify(.) by extensions ['colcon_pkg']
[0.107s] Level 1:colcon.colcon_core.package_identification:_identify(.) by extension 'colcon_pkg'
[0.107s] Level 1:colcon.colcon_core.package_identification:_identify(.) by extensions ['colcon_meta']
[0.107s] Level 1:colcon.colcon_core.package_identification:_identify(.) by extension 'colcon_meta'
[0.107s] Level 1:colcon.colcon_core.package_identification:_identify(.) by extensions ['ros']
[0.107s] Level 1:colcon.colcon_core.package_identification:_identify(.) by extension 'ros'
[0.112s] Level 1:colcon.colcon_core.package_identification:_identify(.) by extensions ['cmake', 'python']
[0.112s] Level 1:colcon.colcon_core.package_identification:_identify(.) by extension 'cmake'
[0.112s] Level 1:colcon.colcon_core.package_identification:_identify(.) by extension 'python'
[0.112s] Level 1:colcon.colcon_core.package_identification:_identify(.) by extensions ['python_setup_py']
[0.112s] Level 1:colcon.colcon_core.package_identification:_identify(.) by extension 'python_setup_py'
[0.112s] Level 1:colcon.colcon_core.package_identification:_identify(build) by extensions ['ignore', 'ignore_ament_install']
[0.112s] Level 1:colcon.colcon_core.package_identification:_identify(build) by extension 'ignore'
[0.112s] Level 1:colcon.colcon_core.package_identification:_identify(build) ignored
[0.112s] Level 1:colcon.colcon_core.package_identification:_identify(install) by extensions ['ignore', 'ignore_ament_install']
[0.113s] Level 1:colcon.colcon_core.package_identification:_identify(install) by extension 'ignore'
[0.113s] Level 1:colcon.colcon_core.package_identification:_identify(install) ignored
[0.113s] Level 1:colcon.colcon_core.package_identification:_identify(log) by extensions ['ignore', 'ignore_ament_install']
[0.113s] Level 1:colcon.colcon_core.package_identification:_identify(log) by extension 'ignore'
[0.113s] Level 1:colcon.colcon_core.package_identification:_identify(log) ignored
[0.113s] Level 1:colcon.colcon_core.package_identification:_identify(src) by extensions ['ignore', 'ignore_ament_install']
[0.113s] Level 1:colcon.colcon_core.package_identification:_identify(src) by extension 'ignore'
[0.113s] Level 1:colcon.colcon_core.package_identification:_identify(src) by extension 'ignore_ament_install'
[0.113s] Level 1:colcon.colcon_core.package_identification:_identify(src) by extensions ['colcon_pkg']
[0.113s] Level 1:colcon.colcon_core.package_identification:_identify(src) by extension 'colcon_pkg'
[0.113s] Level 1:colcon.colcon_core.package_identification:_identify(src) by extensions ['colcon_meta']
[0.113s] Level 1:colcon.colcon_core.package_identification:_identify(src) by extension 'colcon_meta'
[0.113s] Level 1:colcon.colcon_core.package_identification:_identify(src) by extensions ['ros']
[0.113s] Level 1:colcon.colcon_core.package_identification:_identify(src) by extension 'ros'
[0.113s] Level 1:colcon.colcon_core.package_identification:_identify(src) by extensions ['cmake', 'python']
[0.113s] Level 1:colcon.colcon_core.package_identification:_identify(src) by extension 'cmake'
[0.113s] Level 1:colcon.colcon_core.package_identification:_identify(src) by extension 'python'
[0.113s] Level 1:colcon.colcon_core.package_identification:_identify(src) by extensions ['python_setup_py']
[0.113s] Level 1:colcon.colcon_core.package_identification:_identify(src) by extension 'python_setup_py'
[0.113s] Level 1:colcon.colcon_core.package_identification:_identify(src/custom_message) by extensions ['ignore', 'ignore_ament_install']
[0.113s] Level 1:colcon.colcon_core.package_identification:_identify(src/custom_message) by extension 'ignore'
[0.113s] Level 1:colcon.colcon_core.package_identification:_identify(src/custom_message) by extension 'ignore_ament_install'
[0.113s] Level 1:colcon.colcon_core.package_identification:_identify(src/custom_message) by extensions ['colcon_pkg']
[0.113s] Level 1:colcon.colcon_core.package_identification:_identify(src/custom_message) by extension 'colcon_pkg'
[0.113s] Level 1:colcon.colcon_core.package_identification:_identify(src/custom_message) by extensions ['colcon_meta']
[0.113s] Level 1:colcon.colcon_core.package_identification:_identify(src/custom_message) by extension 'colcon_meta'
[0.113s] Level 1:colcon.colcon_core.package_identification:_identify(src/custom_message) by extensions ['ros']
[0.113s] Level 1:colcon.colcon_core.package_identification:_identify(src/custom_message) by extension 'ros'
[0.114s] DEBUG:colcon.colcon_core.package_identification:Package 'src/custom_message' with type 'ros.ament_cmake' and name 'custom_message'
[0.114s] Level 1:colcon.colcon_core.package_identification:_identify(src/isaac_ros2_messages) by extensions ['ignore', 'ignore_ament_install']
[0.114s] Level 1:colcon.colcon_core.package_identification:_identify(src/isaac_ros2_messages) by extension 'ignore'
[0.114s] Level 1:colcon.colcon_core.package_identification:_identify(src/isaac_ros2_messages) by extension 'ignore_ament_install'
[0.114s] Level 1:colcon.colcon_core.package_identification:_identify(src/isaac_ros2_messages) by extensions ['colcon_pkg']
[0.114s] Level 1:colcon.colcon_core.package_identification:_identify(src/isaac_ros2_messages) by extension 'colcon_pkg'
[0.114s] Level 1:colcon.colcon_core.package_identification:_identify(src/isaac_ros2_messages) by extensions ['colcon_meta']
[0.114s] Level 1:colcon.colcon_core.package_identification:_identify(src/isaac_ros2_messages) by extension 'colcon_meta'
[0.114s] Level 1:colcon.colcon_core.package_identification:_identify(src/isaac_ros2_messages) by extensions ['ros']
[0.114s] Level 1:colcon.colcon_core.package_identification:_identify(src/isaac_ros2_messages) by extension 'ros'
[0.115s] DEBUG:colcon.colcon_core.package_identification:Package 'src/isaac_ros2_messages' with type 'ros.ament_cmake' and name 'isaac_ros2_messages'
[0.115s] Level 1:colcon.colcon_core.package_identification:_identify(src/isaac_tutorials) by extensions ['ignore', 'ignore_ament_install']
[0.115s] Level 1:colcon.colcon_core.package_identification:_identify(src/isaac_tutorials) by extension 'ignore'
[0.115s] Level 1:colcon.colcon_core.package_identification:_identify(src/isaac_tutorials) by extension 'ignore_ament_install'
[0.115s] Level 1:colcon.colcon_core.package_identification:_identify(src/isaac_tutorials) by extensions ['colcon_pkg']
[0.115s] Level 1:colcon.colcon_core.package_identification:_identify(src/isaac_tutorials) by extension 'colcon_pkg'
[0.115s] Level 1:colcon.colcon_core.package_identification:_identify(src/isaac_tutorials) by extensions ['colcon_meta']
[0.115s] Level 1:colcon.colcon_core.package_identification:_identify(src/isaac_tutorials) by extension 'colcon_meta'
[0.115s] Level 1:colcon.colcon_core.package_identification:_identify(src/isaac_tutorials) by extensions ['ros']
[0.115s] Level 1:colcon.colcon_core.package_identification:_identify(src/isaac_tutorials) by extension 'ros'
[0.115s] DEBUG:colcon.colcon_core.package_identification:Package 'src/isaac_tutorials' with type 'ros.ament_cmake' and name 'isaac_tutorials'
[0.115s] Level 1:colcon.colcon_core.package_identification:_identify(src/isaacsim) by extensions ['ignore', 'ignore_ament_install']
[0.115s] Level 1:colcon.colcon_core.package_identification:_identify(src/isaacsim) by extension 'ignore'
[0.115s] Level 1:colcon.colcon_core.package_identification:_identify(src/isaacsim) by extension 'ignore_ament_install'
[0.115s] Level 1:colcon.colcon_core.package_identification:_identify(src/isaacsim) by extensions ['colcon_pkg']
[0.115s] Level 1:colcon.colcon_core.package_identification:_identify(src/isaacsim) by extension 'colcon_pkg'
[0.115s] Level 1:colcon.colcon_core.package_identification:_identify(src/isaacsim) by extensions ['colcon_meta']
[0.115s] Level 1:colcon.colcon_core.package_identification:_identify(src/isaacsim) by extension 'colcon_meta'
[0.115s] Level 1:colcon.colcon_core.package_identification:_identify(src/isaacsim) by extensions ['ros']
[0.115s] Level 1:colcon.colcon_core.package_identification:_identify(src/isaacsim) by extension 'ros'
[0.116s] DEBUG:colcon.colcon_core.package_identification:Package 'src/isaacsim' with type 'ros.ament_cmake' and name 'isaacsim'
[0.116s] Level 1:colcon.colcon_core.package_identification:_identify(src/navigation) by extensions ['ignore', 'ignore_ament_install']
[0.116s] Level 1:colcon.colcon_core.package_identification:_identify(src/navigation) by extension 'ignore'
[0.116s] Level 1:colcon.colcon_core.package_identification:_identify(src/navigation) by extension 'ignore_ament_install'
[0.116s] Level 1:colcon.colcon_core.package_identification:_identify(src/navigation) by extensions ['colcon_pkg']
[0.116s] Level 1:colcon.colcon_core.package_identification:_identify(src/navigation) by extension 'colcon_pkg'
[0.116s] Level 1:colcon.colcon_core.package_identification:_identify(src/navigation) by extensions ['colcon_meta']
[0.116s] Level 1:colcon.colcon_core.package_identification:_identify(src/navigation) by extension 'colcon_meta'
[0.116s] Level 1:colcon.colcon_core.package_identification:_identify(src/navigation) by extensions ['ros']
[0.116s] Level 1:colcon.colcon_core.package_identification:_identify(src/navigation) by extension 'ros'
[0.116s] Level 1:colcon.colcon_core.package_identification:_identify(src/navigation) by extensions ['cmake', 'python']
[0.116s] Level 1:colcon.colcon_core.package_identification:_identify(src/navigation) by extension 'cmake'
[0.116s] Level 1:colcon.colcon_core.package_identification:_identify(src/navigation) by extension 'python'
[0.116s] Level 1:colcon.colcon_core.package_identification:_identify(src/navigation) by extensions ['python_setup_py']
[0.116s] Level 1:colcon.colcon_core.package_identification:_identify(src/navigation) by extension 'python_setup_py'
[0.116s] Level 1:colcon.colcon_core.package_identification:_identify(src/navigation/carter_navigation) by extensions ['ignore', 'ignore_ament_install']
[0.116s] Level 1:colcon.colcon_core.package_identification:_identify(src/navigation/carter_navigation) by extension 'ignore'
[0.116s] Level 1:colcon.colcon_core.package_identification:_identify(src/navigation/carter_navigation) by extension 'ignore_ament_install'
[0.116s] Level 1:colcon.colcon_core.package_identification:_identify(src/navigation/carter_navigation) by extensions ['colcon_pkg']
[0.116s] Level 1:colcon.colcon_core.package_identification:_identify(src/navigation/carter_navigation) by extension 'colcon_pkg'
[0.116s] Level 1:colcon.colcon_core.package_identification:_identify(src/navigation/carter_navigation) by extensions ['colcon_meta']
[0.116s] Level 1:colcon.colcon_core.package_identification:_identify(src/navigation/carter_navigation) by extension 'colcon_meta'
[0.116s] Level 1:colcon.colcon_core.package_identification:_identify(src/navigation/carter_navigation) by extensions ['ros']
[0.116s] Level 1:colcon.colcon_core.package_identification:_identify(src/navigation/carter_navigation) by extension 'ros'
[0.116s] DEBUG:colcon.colcon_core.package_identification:Package 'src/navigation/carter_navigation' with type 'ros.ament_cmake' and name 'carter_navigation'
[0.117s] Level 1:colcon.colcon_core.package_identification:_identify(src/navigation/isaac_ros_navigation_goal) by extensions ['ignore', 'ignore_ament_install']
[0.117s] Level 1:colcon.colcon_core.package_identification:_identify(src/navigation/isaac_ros_navigation_goal) by extension 'ignore'
[0.117s] Level 1:colcon.colcon_core.package_identification:_identify(src/navigation/isaac_ros_navigation_goal) by extension 'ignore_ament_install'
[0.117s] Level 1:colcon.colcon_core.package_identification:_identify(src/navigation/isaac_ros_navigation_goal) by extensions ['colcon_pkg']
[0.117s] Level 1:colcon.colcon_core.package_identification:_identify(src/navigation/isaac_ros_navigation_goal) by extension 'colcon_pkg'
[0.117s] Level 1:colcon.colcon_core.package_identification:_identify(src/navigation/isaac_ros_navigation_goal) by extensions ['colcon_meta']
[0.117s] Level 1:colcon.colcon_core.package_identification:_identify(src/navigation/isaac_ros_navigation_goal) by extension 'colcon_meta'
[0.117s] Level 1:colcon.colcon_core.package_identification:_identify(src/navigation/isaac_ros_navigation_goal) by extensions ['ros']
[0.117s] Level 1:colcon.colcon_core.package_identification:_identify(src/navigation/isaac_ros_navigation_goal) by extension 'ros'
[0.117s] DEBUG:colcon.colcon_core.package_identification:Package 'src/navigation/isaac_ros_navigation_goal' with type 'ros.ament_python' and name 'isaac_ros_navigation_goal'
[0.117s] Level 1:colcon.colcon_core.package_identification:_identify(src/scout2_navigation) by extensions ['ignore', 'ignore_ament_install']
[0.117s] Level 1:colcon.colcon_core.package_identification:_identify(src/scout2_navigation) by extension 'ignore'
[0.117s] Level 1:colcon.colcon_core.package_identification:_identify(src/scout2_navigation) by extension 'ignore_ament_install'
[0.117s] Level 1:colcon.colcon_core.package_identification:_identify(src/scout2_navigation) by extensions ['colcon_pkg']
[0.117s] Level 1:colcon.colcon_core.package_identification:_identify(src/scout2_navigation) by extension 'colcon_pkg'
[0.117s] Level 1:colcon.colcon_core.package_identification:_identify(src/scout2_navigation) by extensions ['colcon_meta']
[0.117s] Level 1:colcon.colcon_core.package_identification:_identify(src/scout2_navigation) by extension 'colcon_meta'
[0.117s] Level 1:colcon.colcon_core.package_identification:_identify(src/scout2_navigation) by extensions ['ros']
[0.117s] Level 1:colcon.colcon_core.package_identification:_identify(src/scout2_navigation) by extension 'ros'
[0.117s] DEBUG:colcon.colcon_core.package_identification:Package 'src/scout2_navigation' with type 'ros.ament_cmake' and name 'scout2_navigation'
[0.117s] Level 1:colcon.colcon_core.package_discovery:discover_packages(recursive) using defaults
[0.117s] Level 1:colcon.colcon_core.package_discovery:discover_packages(ignore) discover
[0.118s] Level 1:colcon.colcon_core.package_discovery:discover_packages(ignore) using defaults
[0.118s] Level 1:colcon.colcon_core.package_discovery:discover_packages(path) discover
[0.118s] Level 1:colcon.colcon_core.package_discovery:discover_packages(path) using defaults
[0.131s] Level 1:colcon.colcon_core.package_discovery:discover_packages(prefix_path) check parameters
[0.131s] Level 1:colcon.colcon_core.package_discovery:discover_packages(prefix_path) discover
[0.132s] DEBUG:colcon.colcon_installed_package_information.package_discovery:Found 423 installed packages in /opt/ros/humble
[0.133s] Level 1:colcon.colcon_core.package_discovery:discover_packages(prefix_path) using defaults
[0.153s] Level 5:colcon.colcon_core.verb:set package 'carter_navigation' build argument 'cmake_args' from command line to 'None'
[0.153s] Level 5:colcon.colcon_core.verb:set package 'carter_navigation' build argument 'cmake_target' from command line to 'None'
[0.153s] Level 5:colcon.colcon_core.verb:set package 'carter_navigation' build argument 'cmake_target_skip_unavailable' from command line to 'False'
[0.153s] Level 5:colcon.colcon_core.verb:set package 'carter_navigation' build argument 'cmake_clean_cache' from command line to 'False'
[0.153s] Level 5:colcon.colcon_core.verb:set package 'carter_navigation' build argument 'cmake_clean_first' from command line to 'False'
[0.153s] Level 5:colcon.colcon_core.verb:set package 'carter_navigation' build argument 'cmake_force_configure' from command line to 'False'
[0.153s] Level 5:colcon.colcon_core.verb:set package 'carter_navigation' build argument 'ament_cmake_args' from command line to 'None'
[0.153s] Level 5:colcon.colcon_core.verb:set package 'carter_navigation' build argument 'catkin_cmake_args' from command line to 'None'
[0.153s] Level 5:colcon.colcon_core.verb:set package 'carter_navigation' build argument 'catkin_skip_building_tests' from command line to 'False'
[0.153s] DEBUG:colcon.colcon_core.verb:Building package 'carter_navigation' with the following arguments: {'ament_cmake_args': None, 'build_base': '/home/hmi/Desktop/humble_ws/build/carter_navigation', 'catkin_cmake_args': None, 'catkin_skip_building_tests': False, 'cmake_args': None, 'cmake_clean_cache': False, 'cmake_clean_first': False, 'cmake_force_configure': False, 'cmake_target': None, 'cmake_target_skip_unavailable': False, 'install_base': '/home/hmi/Desktop/humble_ws/install/carter_navigation', 'merge_install': False, 'path': '/home/hmi/Desktop/humble_ws/src/navigation/carter_navigation', 'symlink_install': False, 'test_result_base': None}
[0.153s] Level 5:colcon.colcon_core.verb:set package 'custom_message' build argument 'cmake_args' from command line to 'None'
[0.153s] Level 5:colcon.colcon_core.verb:set package 'custom_message' build argument 'cmake_target' from command line to 'None'
[0.153s] Level 5:colcon.colcon_core.verb:set package 'custom_message' build argument 'cmake_target_skip_unavailable' from command line to 'False'
[0.153s] Level 5:colcon.colcon_core.verb:set package 'custom_message' build argument 'cmake_clean_cache' from command line to 'False'
[0.153s] Level 5:colcon.colcon_core.verb:set package 'custom_message' build argument 'cmake_clean_first' from command line to 'False'
[0.153s] Level 5:colcon.colcon_core.verb:set package 'custom_message' build argument 'cmake_force_configure' from command line to 'False'
[0.153s] Level 5:colcon.colcon_core.verb:set package 'custom_message' build argument 'ament_cmake_args' from command line to 'None'
[0.153s] Level 5:colcon.colcon_core.verb:set package 'custom_message' build argument 'catkin_cmake_args' from command line to 'None'
[0.153s] Level 5:colcon.colcon_core.verb:set package 'custom_message' build argument 'catkin_skip_building_tests' from command line to 'False'
[0.153s] DEBUG:colcon.colcon_core.verb:Building package 'custom_message' with the following arguments: {'ament_cmake_args': None, 'build_base': '/home/hmi/Desktop/humble_ws/build/custom_message', 'catkin_cmake_args': None, 'catkin_skip_building_tests': False, 'cmake_args': None, 'cmake_clean_cache': False, 'cmake_clean_first': False, 'cmake_force_configure': False, 'cmake_target': None, 'cmake_target_skip_unavailable': False, 'install_base': '/home/hmi/Desktop/humble_ws/install/custom_message', 'merge_install': False, 'path': '/home/hmi/Desktop/humble_ws/src/custom_message', 'symlink_install': False, 'test_result_base': None}
[0.153s] Level 5:colcon.colcon_core.verb:set package 'isaac_ros2_messages' build argument 'cmake_args' from command line to 'None'
[0.153s] Level 5:colcon.colcon_core.verb:set package 'isaac_ros2_messages' build argument 'cmake_target' from command line to 'None'
[0.153s] Level 5:colcon.colcon_core.verb:set package 'isaac_ros2_messages' build argument 'cmake_target_skip_unavailable' from command line to 'False'
[0.153s] Level 5:colcon.colcon_core.verb:set package 'isaac_ros2_messages' build argument 'cmake_clean_cache' from command line to 'False'
[0.153s] Level 5:colcon.colcon_core.verb:set package 'isaac_ros2_messages' build argument 'cmake_clean_first' from command line to 'False'
[0.153s] Level 5:colcon.colcon_core.verb:set package 'isaac_ros2_messages' build argument 'cmake_force_configure' from command line to 'False'
[0.153s] Level 5:colcon.colcon_core.verb:set package 'isaac_ros2_messages' build argument 'ament_cmake_args' from command line to 'None'
[0.153s] Level 5:colcon.colcon_core.verb:set package 'isaac_ros2_messages' build argument 'catkin_cmake_args' from command line to 'None'
[0.153s] Level 5:colcon.colcon_core.verb:set package 'isaac_ros2_messages' build argument 'catkin_skip_building_tests' from command line to 'False'
[0.153s] DEBUG:colcon.colcon_core.verb:Building package 'isaac_ros2_messages' with the following arguments: {'ament_cmake_args': None, 'build_base': '/home/hmi/Desktop/humble_ws/build/isaac_ros2_messages', 'catkin_cmake_args': None, 'catkin_skip_building_tests': False, 'cmake_args': None, 'cmake_clean_cache': False, 'cmake_clean_first': False, 'cmake_force_configure': False, 'cmake_target': None, 'cmake_target_skip_unavailable': False, 'install_base': '/home/hmi/Desktop/humble_ws/install/isaac_ros2_messages', 'merge_install': False, 'path': '/home/hmi/Desktop/humble_ws/src/isaac_ros2_messages', 'symlink_install': False, 'test_result_base': None}
[0.153s] Level 5:colcon.colcon_core.verb:set package 'isaac_ros_navigation_goal' build argument 'cmake_args' from command line to 'None'
[0.153s] Level 5:colcon.colcon_core.verb:set package 'isaac_ros_navigation_goal' build argument 'cmake_target' from command line to 'None'
[0.153s] Level 5:colcon.colcon_core.verb:set package 'isaac_ros_navigation_goal' build argument 'cmake_target_skip_unavailable' from command line to 'False'
[0.153s] Level 5:colcon.colcon_core.verb:set package 'isaac_ros_navigation_goal' build argument 'cmake_clean_cache' from command line to 'False'
[0.153s] Level 5:colcon.colcon_core.verb:set package 'isaac_ros_navigation_goal' build argument 'cmake_clean_first' from command line to 'False'
[0.153s] Level 5:colcon.colcon_core.verb:set package 'isaac_ros_navigation_goal' build argument 'cmake_force_configure' from command line to 'False'
[0.153s] Level 5:colcon.colcon_core.verb:set package 'isaac_ros_navigation_goal' build argument 'ament_cmake_args' from command line to 'None'
[0.153s] Level 5:colcon.colcon_core.verb:set package 'isaac_ros_navigation_goal' build argument 'catkin_cmake_args' from command line to 'None'
[0.153s] Level 5:colcon.colcon_core.verb:set package 'isaac_ros_navigation_goal' build argument 'catkin_skip_building_tests' from command line to 'False'
[0.153s] DEBUG:colcon.colcon_core.verb:Building package 'isaac_ros_navigation_goal' with the following arguments: {'ament_cmake_args': None, 'build_base': '/home/hmi/Desktop/humble_ws/build/isaac_ros_navigation_goal', 'catkin_cmake_args': None, 'catkin_skip_building_tests': False, 'cmake_args': None, 'cmake_clean_cache': False, 'cmake_clean_first': False, 'cmake_force_configure': False, 'cmake_target': None, 'cmake_target_skip_unavailable': False, 'install_base': '/home/hmi/Desktop/humble_ws/install/isaac_ros_navigation_goal', 'merge_install': False, 'path': '/home/hmi/Desktop/humble_ws/src/navigation/isaac_ros_navigation_goal', 'symlink_install': False, 'test_result_base': None}
[0.154s] Level 5:colcon.colcon_core.verb:set package 'isaac_tutorials' build argument 'cmake_args' from command line to 'None'
[0.154s] Level 5:colcon.colcon_core.verb:set package 'isaac_tutorials' build argument 'cmake_target' from command line to 'None'
[0.154s] Level 5:colcon.colcon_core.verb:set package 'isaac_tutorials' build argument 'cmake_target_skip_unavailable' from command line to 'False'
[0.154s] Level 5:colcon.colcon_core.verb:set package 'isaac_tutorials' build argument 'cmake_clean_cache' from command line to 'False'
[0.154s] Level 5:colcon.colcon_core.verb:set package 'isaac_tutorials' build argument 'cmake_clean_first' from command line to 'False'
[0.154s] Level 5:colcon.colcon_core.verb:set package 'isaac_tutorials' build argument 'cmake_force_configure' from command line to 'False'
[0.154s] Level 5:colcon.colcon_core.verb:set package 'isaac_tutorials' build argument 'ament_cmake_args' from command line to 'None'
[0.154s] Level 5:colcon.colcon_core.verb:set package 'isaac_tutorials' build argument 'catkin_cmake_args' from command line to 'None'
[0.154s] Level 5:colcon.colcon_core.verb:set package 'isaac_tutorials' build argument 'catkin_skip_building_tests' from command line to 'False'
[0.154s] DEBUG:colcon.colcon_core.verb:Building package 'isaac_tutorials' with the following arguments: {'ament_cmake_args': None, 'build_base': '/home/hmi/Desktop/humble_ws/build/isaac_tutorials', 'catkin_cmake_args': None, 'catkin_skip_building_tests': False, 'cmake_args': None, 'cmake_clean_cache': False, 'cmake_clean_first': False, 'cmake_force_configure': False, 'cmake_target': None, 'cmake_target_skip_unavailable': False, 'install_base': '/home/hmi/Desktop/humble_ws/install/isaac_tutorials', 'merge_install': False, 'path': '/home/hmi/Desktop/humble_ws/src/isaac_tutorials', 'symlink_install': False, 'test_result_base': None}
[0.154s] Level 5:colcon.colcon_core.verb:set package 'isaacsim' build argument 'cmake_args' from command line to 'None'
[0.154s] Level 5:colcon.colcon_core.verb:set package 'isaacsim' build argument 'cmake_target' from command line to 'None'
[0.154s] Level 5:colcon.colcon_core.verb:set package 'isaacsim' build argument 'cmake_target_skip_unavailable' from command line to 'False'
[0.154s] Level 5:colcon.colcon_core.verb:set package 'isaacsim' build argument 'cmake_clean_cache' from command line to 'False'
[0.154s] Level 5:colcon.colcon_core.verb:set package 'isaacsim' build argument 'cmake_clean_first' from command line to 'False'
[0.154s] Level 5:colcon.colcon_core.verb:set package 'isaacsim' build argument 'cmake_force_configure' from command line to 'False'
[0.154s] Level 5:colcon.colcon_core.verb:set package 'isaacsim' build argument 'ament_cmake_args' from command line to 'None'
[0.154s] Level 5:colcon.colcon_core.verb:set package 'isaacsim' build argument 'catkin_cmake_args' from command line to 'None'
[0.154s] Level 5:colcon.colcon_core.verb:set package 'isaacsim' build argument 'catkin_skip_building_tests' from command line to 'False'
[0.154s] DEBUG:colcon.colcon_core.verb:Building package 'isaacsim' with the following arguments: {'ament_cmake_args': None, 'build_base': '/home/hmi/Desktop/humble_ws/build/isaacsim', 'catkin_cmake_args': None, 'catkin_skip_building_tests': False, 'cmake_args': None, 'cmake_clean_cache': False, 'cmake_clean_first': False, 'cmake_force_configure': False, 'cmake_target': None, 'cmake_target_skip_unavailable': False, 'install_base': '/home/hmi/Desktop/humble_ws/install/isaacsim', 'merge_install': False, 'path': '/home/hmi/Desktop/humble_ws/src/isaacsim', 'symlink_install': False, 'test_result_base': None}
[0.154s] Level 5:colcon.colcon_core.verb:set package 'scout2_navigation' build argument 'cmake_args' from command line to 'None'
[0.154s] Level 5:colcon.colcon_core.verb:set package 'scout2_navigation' build argument 'cmake_target' from command line to 'None'
[0.154s] Level 5:colcon.colcon_core.verb:set package 'scout2_navigation' build argument 'cmake_target_skip_unavailable' from command line to 'False'
[0.154s] Level 5:colcon.colcon_core.verb:set package 'scout2_navigation' build argument 'cmake_clean_cache' from command line to 'False'
[0.154s] Level 5:colcon.colcon_core.verb:set package 'scout2_navigation' build argument 'cmake_clean_first' from command line to 'False'
[0.154s] Level 5:colcon.colcon_core.verb:set package 'scout2_navigation' build argument 'cmake_force_configure' from command line to 'False'
[0.154s] Level 5:colcon.colcon_core.verb:set package 'scout2_navigation' build argument 'ament_cmake_args' from command line to 'None'
[0.154s] Level 5:colcon.colcon_core.verb:set package 'scout2_navigation' build argument 'catkin_cmake_args' from command line to 'None'
[0.154s] Level 5:colcon.colcon_core.verb:set package 'scout2_navigation' build argument 'catkin_skip_building_tests' from command line to 'False'
[0.154s] DEBUG:colcon.colcon_core.verb:Building package 'scout2_navigation' with the following arguments: {'ament_cmake_args': None, 'build_base': '/home/hmi/Desktop/humble_ws/build/scout2_navigation', 'catkin_cmake_args': None, 'catkin_skip_building_tests': False, 'cmake_args': None, 'cmake_clean_cache': False, 'cmake_clean_first': False, 'cmake_force_configure': False, 'cmake_target': None, 'cmake_target_skip_unavailable': False, 'install_base': '/home/hmi/Desktop/humble_ws/install/scout2_navigation', 'merge_install': False, 'path': '/home/hmi/Desktop/humble_ws/src/scout2_navigation', 'symlink_install': False, 'test_result_base': None}
[0.154s] INFO:colcon.colcon_core.executor:Executing jobs using 'parallel' executor
[0.155s] DEBUG:colcon.colcon_parallel_executor.executor.parallel:run_until_complete
[0.155s] INFO:colcon.colcon_ros.task.ament_cmake.build:Building ROS package in '/home/hmi/Desktop/humble_ws/src/navigation/carter_navigation' with build type 'ament_cmake'
[0.155s] INFO:colcon.colcon_cmake.task.cmake.build:Building CMake package in '/home/hmi/Desktop/humble_ws/src/navigation/carter_navigation'
[0.156s] INFO:colcon.colcon_core.plugin_system:Skipping extension 'colcon_core.shell.bat': Not used on non-Windows systems
[0.156s] INFO:colcon.colcon_core.shell:Skip shell extension 'powershell' for command environment: Not usable outside of PowerShell
[0.156s] DEBUG:colcon.colcon_core.shell:Skip shell extension 'dsv' for command environment
[0.158s] INFO:colcon.colcon_ros.task.ament_cmake.build:Building ROS package in '/home/hmi/Desktop/humble_ws/src/custom_message' with build type 'ament_cmake'
[0.158s] INFO:colcon.colcon_cmake.task.cmake.build:Building CMake package in '/home/hmi/Desktop/humble_ws/src/custom_message'
[0.158s] INFO:colcon.colcon_core.shell:Skip shell extension 'powershell' for command environment: Not usable outside of PowerShell
[0.158s] DEBUG:colcon.colcon_core.shell:Skip shell extension 'dsv' for command environment
[0.159s] INFO:colcon.colcon_ros.task.ament_cmake.build:Building ROS package in '/home/hmi/Desktop/humble_ws/src/isaac_ros2_messages' with build type 'ament_cmake'
[0.159s] INFO:colcon.colcon_cmake.task.cmake.build:Building CMake package in '/home/hmi/Desktop/humble_ws/src/isaac_ros2_messages'
[0.160s] INFO:colcon.colcon_core.shell:Skip shell extension 'powershell' for command environment: Not usable outside of PowerShell
[0.160s] DEBUG:colcon.colcon_core.shell:Skip shell extension 'dsv' for command environment
[0.161s] INFO:colcon.colcon_ros.task.ament_python.build:Building ROS package in '/home/hmi/Desktop/humble_ws/src/navigation/isaac_ros_navigation_goal' with build type 'ament_python'
[0.161s] Level 1:colcon.colcon_core.shell:create_environment_hook('isaac_ros_navigation_goal', 'ament_prefix_path')
[0.161s] INFO:colcon.colcon_core.shell:Creating environment hook '/home/hmi/Desktop/humble_ws/install/isaac_ros_navigation_goal/share/isaac_ros_navigation_goal/hook/ament_prefix_path.ps1'
[0.162s] INFO:colcon.colcon_core.shell:Creating environment descriptor '/home/hmi/Desktop/humble_ws/install/isaac_ros_navigation_goal/share/isaac_ros_navigation_goal/hook/ament_prefix_path.dsv'
[0.162s] INFO:colcon.colcon_core.shell:Creating environment hook '/home/hmi/Desktop/humble_ws/install/isaac_ros_navigation_goal/share/isaac_ros_navigation_goal/hook/ament_prefix_path.sh'
[0.162s] INFO:colcon.colcon_core.shell:Skip shell extension 'powershell' for command environment: Not usable outside of PowerShell
[0.162s] DEBUG:colcon.colcon_core.shell:Skip shell extension 'dsv' for command environment
[0.163s] INFO:colcon.colcon_ros.task.ament_cmake.build:Building ROS package in '/home/hmi/Desktop/humble_ws/src/isaac_tutorials' with build type 'ament_cmake'
[0.163s] INFO:colcon.colcon_cmake.task.cmake.build:Building CMake package in '/home/hmi/Desktop/humble_ws/src/isaac_tutorials'
[0.163s] INFO:colcon.colcon_core.shell:Skip shell extension 'powershell' for command environment: Not usable outside of PowerShell
[0.163s] DEBUG:colcon.colcon_core.shell:Skip shell extension 'dsv' for command environment
[0.165s] INFO:colcon.colcon_ros.task.ament_cmake.build:Building ROS package in '/home/hmi/Desktop/humble_ws/src/isaacsim' with build type 'ament_cmake'
[0.165s] INFO:colcon.colcon_cmake.task.cmake.build:Building CMake package in '/home/hmi/Desktop/humble_ws/src/isaacsim'
[0.165s] INFO:colcon.colcon_core.shell:Skip shell extension 'powershell' for command environment: Not usable outside of PowerShell
[0.165s] DEBUG:colcon.colcon_core.shell:Skip shell extension 'dsv' for command environment
[0.166s] INFO:colcon.colcon_ros.task.ament_cmake.build:Building ROS package in '/home/hmi/Desktop/humble_ws/src/scout2_navigation' with build type 'ament_cmake'
[0.166s] INFO:colcon.colcon_cmake.task.cmake.build:Building CMake package in '/home/hmi/Desktop/humble_ws/src/scout2_navigation'
[0.166s] INFO:colcon.colcon_core.shell:Skip shell extension 'powershell' for command environment: Not usable outside of PowerShell
[0.167s] DEBUG:colcon.colcon_core.shell:Skip shell extension 'dsv' for command environment
[0.170s] DEBUG:colcon.colcon_core.event_handler.log_command:Invoking command in '/home/hmi/Desktop/humble_ws/build/carter_navigation': CMAKE_PREFIX_PATH=/opt/ros/humble /usr/bin/cmake /home/hmi/Desktop/humble_ws/src/navigation/carter_navigation -DCMAKE_INSTALL_PREFIX=/home/hmi/Desktop/humble_ws/install/carter_navigation
[0.172s] DEBUG:colcon.colcon_core.event_handler.log_command:Invoking command in '/home/hmi/Desktop/humble_ws/build/custom_message': CMAKE_PREFIX_PATH=/opt/ros/humble /usr/bin/cmake /home/hmi/Desktop/humble_ws/src/custom_message -DCMAKE_INSTALL_PREFIX=/home/hmi/Desktop/humble_ws/install/custom_message
[0.173s] DEBUG:colcon.colcon_core.event_handler.log_command:Invoking command in '/home/hmi/Desktop/humble_ws/build/isaac_ros2_messages': CMAKE_PREFIX_PATH=/opt/ros/humble /usr/bin/cmake /home/hmi/Desktop/humble_ws/src/isaac_ros2_messages -DCMAKE_INSTALL_PREFIX=/home/hmi/Desktop/humble_ws/install/isaac_ros2_messages
[0.289s] INFO:colcon.colcon_core.task.python.build:Building Python package in '/home/hmi/Desktop/humble_ws/src/navigation/isaac_ros_navigation_goal'
[0.289s] INFO:colcon.colcon_core.shell:Skip shell extension 'powershell' for command environment: Not usable outside of PowerShell
[0.289s] DEBUG:colcon.colcon_core.shell:Skip shell extension 'dsv' for command environment
[0.293s] DEBUG:colcon.colcon_core.event_handler.log_command:Invoking command in '/home/hmi/Desktop/humble_ws/build/isaac_tutorials': CMAKE_PREFIX_PATH=/opt/ros/humble /usr/bin/cmake /home/hmi/Desktop/humble_ws/src/isaac_tutorials -DCMAKE_INSTALL_PREFIX=/home/hmi/Desktop/humble_ws/install/isaac_tutorials
[0.294s] DEBUG:colcon.colcon_core.event_handler.log_command:Invoking command in '/home/hmi/Desktop/humble_ws/build/isaacsim': CMAKE_PREFIX_PATH=/opt/ros/humble /usr/bin/cmake /home/hmi/Desktop/humble_ws/src/isaacsim -DCMAKE_INSTALL_PREFIX=/home/hmi/Desktop/humble_ws/install/isaacsim
[0.297s] DEBUG:colcon.colcon_core.event_handler.log_command:Invoking command in '/home/hmi/Desktop/humble_ws/build/scout2_navigation': CMAKE_PREFIX_PATH=/opt/ros/humble /usr/bin/cmake /home/hmi/Desktop/humble_ws/src/scout2_navigation -DCMAKE_INSTALL_PREFIX=/home/hmi/Desktop/humble_ws/install/scout2_navigation
[0.565s] DEBUG:colcon.colcon_core.event_handler.log_command:Invoking command in '/home/hmi/Desktop/humble_ws/src/navigation/isaac_ros_navigation_goal': PYTHONPATH=/home/hmi/Desktop/humble_ws/build/isaac_ros_navigation_goal/prefix_override:/usr/lib/python3/dist-packages/colcon_core/task/python/colcon_distutils_commands:/home/hmi/Desktop/humble_ws/install/isaac_ros_navigation_goal/lib/python3.10/site-packages:${PYTHONPATH} /usr/bin/python3 -W ignore:setup.py install is deprecated -W ignore:easy_install command is deprecated setup.py egg_info --egg-base ../../../build/isaac_ros_navigation_goal build --build-base /home/hmi/Desktop/humble_ws/build/isaac_ros_navigation_goal/build install --record /home/hmi/Desktop/humble_ws/build/isaac_ros_navigation_goal/install.log --single-version-externally-managed install_data
[0.569s] DEBUG:colcon.colcon_core.event_handler.log_command:Invoked command in '/home/hmi/Desktop/humble_ws/build/carter_navigation' returned '0': CMAKE_PREFIX_PATH=/opt/ros/humble /usr/bin/cmake /home/hmi/Desktop/humble_ws/src/navigation/carter_navigation -DCMAKE_INSTALL_PREFIX=/home/hmi/Desktop/humble_ws/install/carter_navigation
[0.571s] DEBUG:colcon.colcon_core.event_handler.log_command:Invoking command in '/home/hmi/Desktop/humble_ws/build/carter_navigation': CMAKE_PREFIX_PATH=/opt/ros/humble /usr/bin/cmake --build /home/hmi/Desktop/humble_ws/build/carter_navigation -- -j32 -l32
[0.603s] DEBUG:colcon.colcon_core.event_handler.log_command:Invoked command in '/home/hmi/Desktop/humble_ws/build/carter_navigation' returned '0': CMAKE_PREFIX_PATH=/opt/ros/humble /usr/bin/cmake --build /home/hmi/Desktop/humble_ws/build/carter_navigation -- -j32 -l32
[0.611s] DEBUG:colcon.colcon_core.event_handler.log_command:Invoking command in '/home/hmi/Desktop/humble_ws/build/carter_navigation': CMAKE_PREFIX_PATH=/opt/ros/humble /usr/bin/cmake --install /home/hmi/Desktop/humble_ws/build/carter_navigation
[0.621s] Level 1:colcon.colcon_core.environment:create_environment_scripts_only(carter_navigation)
[0.621s] DEBUG:colcon.colcon_core.event_handler.log_command:Invoked command in '/home/hmi/Desktop/humble_ws/build/carter_navigation' returned '0': CMAKE_PREFIX_PATH=/opt/ros/humble /usr/bin/cmake --install /home/hmi/Desktop/humble_ws/build/carter_navigation
[0.623s] Level 1:colcon.colcon_core.environment:checking '/home/hmi/Desktop/humble_ws/install/carter_navigation' for CMake module files
[0.624s] Level 1:colcon.colcon_core.environment:checking '/home/hmi/Desktop/humble_ws/install/carter_navigation' for CMake config files
[0.624s] Level 1:colcon.colcon_core.shell:create_environment_hook('carter_navigation', 'cmake_prefix_path')
[0.624s] INFO:colcon.colcon_core.shell:Creating environment hook '/home/hmi/Desktop/humble_ws/install/carter_navigation/share/carter_navigation/hook/cmake_prefix_path.ps1'
[0.624s] INFO:colcon.colcon_core.shell:Creating environment descriptor '/home/hmi/Desktop/humble_ws/install/carter_navigation/share/carter_navigation/hook/cmake_prefix_path.dsv'
[0.624s] INFO:colcon.colcon_core.shell:Creating environment hook '/home/hmi/Desktop/humble_ws/install/carter_navigation/share/carter_navigation/hook/cmake_prefix_path.sh'
[0.625s] Level 1:colcon.colcon_core.environment:checking '/home/hmi/Desktop/humble_ws/install/carter_navigation/bin'
[0.625s] Level 1:colcon.colcon_core.environment:checking '/home/hmi/Desktop/humble_ws/install/carter_navigation/lib/pkgconfig/carter_navigation.pc'
[0.625s] Level 1:colcon.colcon_core.environment:checking '/home/hmi/Desktop/humble_ws/install/carter_navigation/lib/python3.10/site-packages'
[0.625s] Level 1:colcon.colcon_core.environment:checking '/home/hmi/Desktop/humble_ws/install/carter_navigation/bin'
[0.625s] INFO:colcon.colcon_core.shell:Creating package script '/home/hmi/Desktop/humble_ws/install/carter_navigation/share/carter_navigation/package.ps1'
[0.626s] INFO:colcon.colcon_core.shell:Creating package descriptor '/home/hmi/Desktop/humble_ws/install/carter_navigation/share/carter_navigation/package.dsv'
[0.626s] INFO:colcon.colcon_core.shell:Creating package script '/home/hmi/Desktop/humble_ws/install/carter_navigation/share/carter_navigation/package.sh'
[0.627s] INFO:colcon.colcon_core.shell:Creating package script '/home/hmi/Desktop/humble_ws/install/carter_navigation/share/carter_navigation/package.bash'
[0.627s] INFO:colcon.colcon_core.shell:Creating package script '/home/hmi/Desktop/humble_ws/install/carter_navigation/share/carter_navigation/package.zsh'
[0.628s] Level 1:colcon.colcon_core.environment:create_file_with_runtime_dependencies(/home/hmi/Desktop/humble_ws/install/carter_navigation/share/colcon-core/packages/carter_navigation)
[0.628s] Level 1:colcon.colcon_core.environment:create_environment_scripts_only(carter_navigation)
[0.628s] Level 1:colcon.colcon_core.environment:checking '/home/hmi/Desktop/humble_ws/install/carter_navigation' for CMake module files
[0.628s] Level 1:colcon.colcon_core.environment:checking '/home/hmi/Desktop/humble_ws/install/carter_navigation' for CMake config files
[0.629s] Level 1:colcon.colcon_core.shell:create_environment_hook('carter_navigation', 'cmake_prefix_path')
[0.629s] INFO:colcon.colcon_core.shell:Creating environment hook '/home/hmi/Desktop/humble_ws/install/carter_navigation/share/carter_navigation/hook/cmake_prefix_path.ps1'
[0.629s] INFO:colcon.colcon_core.shell:Creating environment descriptor '/home/hmi/Desktop/humble_ws/install/carter_navigation/share/carter_navigation/hook/cmake_prefix_path.dsv'
[0.629s] INFO:colcon.colcon_core.shell:Creating environment hook '/home/hmi/Desktop/humble_ws/install/carter_navigation/share/carter_navigation/hook/cmake_prefix_path.sh'
[0.629s] Level 1:colcon.colcon_core.environment:checking '/home/hmi/Desktop/humble_ws/install/carter_navigation/bin'
[0.629s] Level 1:colcon.colcon_core.environment:checking '/home/hmi/Desktop/humble_ws/install/carter_navigation/lib/pkgconfig/carter_navigation.pc'
[0.629s] Level 1:colcon.colcon_core.environment:checking '/home/hmi/Desktop/humble_ws/install/carter_navigation/lib/python3.10/site-packages'
[0.630s] Level 1:colcon.colcon_core.environment:checking '/home/hmi/Desktop/humble_ws/install/carter_navigation/bin'
[0.630s] INFO:colcon.colcon_core.shell:Creating package script '/home/hmi/Desktop/humble_ws/install/carter_navigation/share/carter_navigation/package.ps1'
[0.630s] INFO:colcon.colcon_core.shell:Creating package descriptor '/home/hmi/Desktop/humble_ws/install/carter_navigation/share/carter_navigation/package.dsv'
[0.630s] INFO:colcon.colcon_core.shell:Creating package script '/home/hmi/Desktop/humble_ws/install/carter_navigation/share/carter_navigation/package.sh'
[0.630s] INFO:colcon.colcon_core.shell:Creating package script '/home/hmi/Desktop/humble_ws/install/carter_navigation/share/carter_navigation/package.bash'
[0.631s] INFO:colcon.colcon_core.shell:Creating package script '/home/hmi/Desktop/humble_ws/install/carter_navigation/share/carter_navigation/package.zsh'
[0.631s] Level 1:colcon.colcon_core.environment:create_file_with_runtime_dependencies(/home/hmi/Desktop/humble_ws/install/carter_navigation/share/colcon-core/packages/carter_navigation)
[0.723s] DEBUG:colcon.colcon_core.event_handler.log_command:Invoked command in '/home/hmi/Desktop/humble_ws/build/scout2_navigation' returned '0': CMAKE_PREFIX_PATH=/opt/ros/humble /usr/bin/cmake /home/hmi/Desktop/humble_ws/src/scout2_navigation -DCMAKE_INSTALL_PREFIX=/home/hmi/Desktop/humble_ws/install/scout2_navigation
[0.724s] DEBUG:colcon.colcon_core.event_handler.log_command:Invoking command in '/home/hmi/Desktop/humble_ws/build/scout2_navigation': CMAKE_PREFIX_PATH=/opt/ros/humble /usr/bin/cmake --build /home/hmi/Desktop/humble_ws/build/scout2_navigation -- -j32 -l32
[0.737s] Level 1:colcon.colcon_core.environment:checking '/home/hmi/Desktop/humble_ws/install/isaac_ros_navigation_goal' for CMake module files
[0.738s] DEBUG:colcon.colcon_core.event_handler.log_command:Invoked command in '/home/hmi/Desktop/humble_ws/src/navigation/isaac_ros_navigation_goal' returned '0': PYTHONPATH=/home/hmi/Desktop/humble_ws/build/isaac_ros_navigation_goal/prefix_override:/usr/lib/python3/dist-packages/colcon_core/task/python/colcon_distutils_commands:/home/hmi/Desktop/humble_ws/install/isaac_ros_navigation_goal/lib/python3.10/site-packages:${PYTHONPATH} /usr/bin/python3 -W ignore:setup.py install is deprecated -W ignore:easy_install command is deprecated setup.py egg_info --egg-base ../../../build/isaac_ros_navigation_goal build --build-base /home/hmi/Desktop/humble_ws/build/isaac_ros_navigation_goal/build install --record /home/hmi/Desktop/humble_ws/build/isaac_ros_navigation_goal/install.log --single-version-externally-managed install_data
[0.738s] Level 1:colcon.colcon_core.environment:checking '/home/hmi/Desktop/humble_ws/install/isaac_ros_navigation_goal' for CMake config files
[0.739s] Level 1:colcon.colcon_core.environment:checking '/home/hmi/Desktop/humble_ws/install/isaac_ros_navigation_goal/lib'
[0.739s] Level 1:colcon.colcon_core.environment:checking '/home/hmi/Desktop/humble_ws/install/isaac_ros_navigation_goal/bin'
[0.739s] Level 1:colcon.colcon_core.environment:checking '/home/hmi/Desktop/humble_ws/install/isaac_ros_navigation_goal/lib/pkgconfig/isaac_ros_navigation_goal.pc'
[0.739s] Level 1:colcon.colcon_core.environment:checking '/home/hmi/Desktop/humble_ws/install/isaac_ros_navigation_goal/lib/python3.10/site-packages'
[0.739s] Level 1:colcon.colcon_core.shell:create_environment_hook('isaac_ros_navigation_goal', 'pythonpath')
[0.739s] INFO:colcon.colcon_core.shell:Creating environment hook '/home/hmi/Desktop/humble_ws/install/isaac_ros_navigation_goal/share/isaac_ros_navigation_goal/hook/pythonpath.ps1'
[0.739s] INFO:colcon.colcon_core.shell:Creating environment descriptor '/home/hmi/Desktop/humble_ws/install/isaac_ros_navigation_goal/share/isaac_ros_navigation_goal/hook/pythonpath.dsv'
[0.740s] INFO:colcon.colcon_core.shell:Creating environment hook '/home/hmi/Desktop/humble_ws/install/isaac_ros_navigation_goal/share/isaac_ros_navigation_goal/hook/pythonpath.sh'
[0.740s] Level 1:colcon.colcon_core.environment:checking '/home/hmi/Desktop/humble_ws/install/isaac_ros_navigation_goal/bin'
[0.740s] Level 1:colcon.colcon_core.environment:create_environment_scripts_only(isaac_ros_navigation_goal)
[0.740s] INFO:colcon.colcon_core.shell:Creating package script '/home/hmi/Desktop/humble_ws/install/isaac_ros_navigation_goal/share/isaac_ros_navigation_goal/package.ps1'
[0.740s] INFO:colcon.colcon_core.shell:Creating package descriptor '/home/hmi/Desktop/humble_ws/install/isaac_ros_navigation_goal/share/isaac_ros_navigation_goal/package.dsv'
[0.741s] INFO:colcon.colcon_core.shell:Creating package script '/home/hmi/Desktop/humble_ws/install/isaac_ros_navigation_goal/share/isaac_ros_navigation_goal/package.sh'
[0.741s] INFO:colcon.colcon_core.shell:Creating package script '/home/hmi/Desktop/humble_ws/install/isaac_ros_navigation_goal/share/isaac_ros_navigation_goal/package.bash'
[0.742s] INFO:colcon.colcon_core.shell:Creating package script '/home/hmi/Desktop/humble_ws/install/isaac_ros_navigation_goal/share/isaac_ros_navigation_goal/package.zsh'
[0.742s] Level 1:colcon.colcon_core.environment:create_file_with_runtime_dependencies(/home/hmi/Desktop/humble_ws/install/isaac_ros_navigation_goal/share/colcon-core/packages/isaac_ros_navigation_goal)
[0.748s] DEBUG:colcon.colcon_core.event_handler.log_command:Invoked command in '/home/hmi/Desktop/humble_ws/build/isaacsim' returned '0': CMAKE_PREFIX_PATH=/opt/ros/humble /usr/bin/cmake /home/hmi/Desktop/humble_ws/src/isaacsim -DCMAKE_INSTALL_PREFIX=/home/hmi/Desktop/humble_ws/install/isaacsim
[0.749s] DEBUG:colcon.colcon_core.event_handler.log_command:Invoking command in '/home/hmi/Desktop/humble_ws/build/isaacsim': CMAKE_PREFIX_PATH=/opt/ros/humble /usr/bin/cmake --build /home/hmi/Desktop/humble_ws/build/isaacsim -- -j32 -l32
[0.751s] DEBUG:colcon.colcon_core.event_handler.log_command:Invoked command in '/home/hmi/Desktop/humble_ws/build/isaac_tutorials' returned '0': CMAKE_PREFIX_PATH=/opt/ros/humble /usr/bin/cmake /home/hmi/Desktop/humble_ws/src/isaac_tutorials -DCMAKE_INSTALL_PREFIX=/home/hmi/Desktop/humble_ws/install/isaac_tutorials
[0.752s] DEBUG:colcon.colcon_core.event_handler.log_command:Invoking command in '/home/hmi/Desktop/humble_ws/build/isaac_tutorials': CMAKE_PREFIX_PATH=/opt/ros/humble /usr/bin/cmake --build /home/hmi/Desktop/humble_ws/build/isaac_tutorials -- -j32 -l32
[0.755s] DEBUG:colcon.colcon_core.event_handler.log_command:Invoked command in '/home/hmi/Desktop/humble_ws/build/scout2_navigation' returned '0': CMAKE_PREFIX_PATH=/opt/ros/humble /usr/bin/cmake --build /home/hmi/Desktop/humble_ws/build/scout2_navigation -- -j32 -l32
[0.757s] DEBUG:colcon.colcon_core.event_handler.log_command:Invoking command in '/home/hmi/Desktop/humble_ws/build/scout2_navigation': CMAKE_PREFIX_PATH=/opt/ros/humble /usr/bin/cmake --install /home/hmi/Desktop/humble_ws/build/scout2_navigation
[0.764s] Level 1:colcon.colcon_core.environment:create_environment_scripts_only(scout2_navigation)
[0.764s] DEBUG:colcon.colcon_core.event_handler.log_command:Invoked command in '/home/hmi/Desktop/humble_ws/build/scout2_navigation' returned '0': CMAKE_PREFIX_PATH=/opt/ros/humble /usr/bin/cmake --install /home/hmi/Desktop/humble_ws/build/scout2_navigation
[0.764s] Level 1:colcon.colcon_core.environment:checking '/home/hmi/Desktop/humble_ws/install/scout2_navigation' for CMake module files
[0.765s] Level 1:colcon.colcon_core.environment:checking '/home/hmi/Desktop/humble_ws/install/scout2_navigation' for CMake config files
[0.765s] Level 1:colcon.colcon_core.shell:create_environment_hook('scout2_navigation', 'cmake_prefix_path')
[0.766s] INFO:colcon.colcon_core.shell:Creating environment hook '/home/hmi/Desktop/humble_ws/install/scout2_navigation/share/scout2_navigation/hook/cmake_prefix_path.ps1'
[0.766s] INFO:colcon.colcon_core.shell:Creating environment descriptor '/home/hmi/Desktop/humble_ws/install/scout2_navigation/share/scout2_navigation/hook/cmake_prefix_path.dsv'
[0.766s] INFO:colcon.colcon_core.shell:Creating environment hook '/home/hmi/Desktop/humble_ws/install/scout2_navigation/share/scout2_navigation/hook/cmake_prefix_path.sh'
[0.767s] Level 1:colcon.colcon_core.environment:checking '/home/hmi/Desktop/humble_ws/install/scout2_navigation/bin'
[0.767s] Level 1:colcon.colcon_core.environment:checking '/home/hmi/Desktop/humble_ws/install/scout2_navigation/lib/pkgconfig/scout2_navigation.pc'
[0.767s] Level 1:colcon.colcon_core.environment:checking '/home/hmi/Desktop/humble_ws/install/scout2_navigation/lib/python3.10/site-packages'
[0.767s] Level 1:colcon.colcon_core.environment:checking '/home/hmi/Desktop/humble_ws/install/scout2_navigation/bin'
[0.768s] INFO:colcon.colcon_core.shell:Creating package script '/home/hmi/Desktop/humble_ws/install/scout2_navigation/share/scout2_navigation/package.ps1'
[0.768s] INFO:colcon.colcon_core.shell:Creating package descriptor '/home/hmi/Desktop/humble_ws/install/scout2_navigation/share/scout2_navigation/package.dsv'
[0.768s] INFO:colcon.colcon_core.shell:Creating package script '/home/hmi/Desktop/humble_ws/install/scout2_navigation/share/scout2_navigation/package.sh'
[0.769s] INFO:colcon.colcon_core.shell:Creating package script '/home/hmi/Desktop/humble_ws/install/scout2_navigation/share/scout2_navigation/package.bash'
[0.769s] INFO:colcon.colcon_core.shell:Creating package script '/home/hmi/Desktop/humble_ws/install/scout2_navigation/share/scout2_navigation/package.zsh'
[0.769s] Level 1:colcon.colcon_core.environment:create_file_with_runtime_dependencies(/home/hmi/Desktop/humble_ws/install/scout2_navigation/share/colcon-core/packages/scout2_navigation)
[0.769s] Level 1:colcon.colcon_core.environment:create_environment_scripts_only(scout2_navigation)
[0.769s] Level 1:colcon.colcon_core.environment:checking '/home/hmi/Desktop/humble_ws/install/scout2_navigation' for CMake module files
[0.770s] Level 1:colcon.colcon_core.environment:checking '/home/hmi/Desktop/humble_ws/install/scout2_navigation' for CMake config files
[0.770s] Level 1:colcon.colcon_core.shell:create_environment_hook('scout2_navigation', 'cmake_prefix_path')
[0.770s] INFO:colcon.colcon_core.shell:Creating environment hook '/home/hmi/Desktop/humble_ws/install/scout2_navigation/share/scout2_navigation/hook/cmake_prefix_path.ps1'
[0.770s] INFO:colcon.colcon_core.shell:Creating environment descriptor '/home/hmi/Desktop/humble_ws/install/scout2_navigation/share/scout2_navigation/hook/cmake_prefix_path.dsv'
[0.770s] INFO:colcon.colcon_core.shell:Creating environment hook '/home/hmi/Desktop/humble_ws/install/scout2_navigation/share/scout2_navigation/hook/cmake_prefix_path.sh'
[0.771s] Level 1:colcon.colcon_core.environment:checking '/home/hmi/Desktop/humble_ws/install/scout2_navigation/bin'
[0.771s] Level 1:colcon.colcon_core.environment:checking '/home/hmi/Desktop/humble_ws/install/scout2_navigation/lib/pkgconfig/scout2_navigation.pc'
[0.771s] Level 1:colcon.colcon_core.environment:checking '/home/hmi/Desktop/humble_ws/install/scout2_navigation/lib/python3.10/site-packages'
[0.771s] Level 1:colcon.colcon_core.environment:checking '/home/hmi/Desktop/humble_ws/install/scout2_navigation/bin'
[0.771s] INFO:colcon.colcon_core.shell:Creating package script '/home/hmi/Desktop/humble_ws/install/scout2_navigation/share/scout2_navigation/package.ps1'
[0.771s] INFO:colcon.colcon_core.shell:Creating package descriptor '/home/hmi/Desktop/humble_ws/install/scout2_navigation/share/scout2_navigation/package.dsv'
[0.771s] INFO:colcon.colcon_core.shell:Creating package script '/home/hmi/Desktop/humble_ws/install/scout2_navigation/share/scout2_navigation/package.sh'
[0.772s] INFO:colcon.colcon_core.shell:Creating package script '/home/hmi/Desktop/humble_ws/install/scout2_navigation/share/scout2_navigation/package.bash'
[0.772s] INFO:colcon.colcon_core.shell:Creating package script '/home/hmi/Desktop/humble_ws/install/scout2_navigation/share/scout2_navigation/package.zsh'
[0.772s] Level 1:colcon.colcon_core.environment:create_file_with_runtime_dependencies(/home/hmi/Desktop/humble_ws/install/scout2_navigation/share/colcon-core/packages/scout2_navigation)
[0.774s] DEBUG:colcon.colcon_core.event_handler.log_command:Invoked command in '/home/hmi/Desktop/humble_ws/build/isaacsim' returned '0': CMAKE_PREFIX_PATH=/opt/ros/humble /usr/bin/cmake --build /home/hmi/Desktop/humble_ws/build/isaacsim -- -j32 -l32
[0.775s] DEBUG:colcon.colcon_core.event_handler.log_command:Invoking command in '/home/hmi/Desktop/humble_ws/build/isaacsim': CMAKE_PREFIX_PATH=/opt/ros/humble /usr/bin/cmake --install /home/hmi/Desktop/humble_ws/build/isaacsim
[0.778s] DEBUG:colcon.colcon_core.event_handler.log_command:Invoked command in '/home/hmi/Desktop/humble_ws/build/isaac_tutorials' returned '0': CMAKE_PREFIX_PATH=/opt/ros/humble /usr/bin/cmake --build /home/hmi/Desktop/humble_ws/build/isaac_tutorials -- -j32 -l32
[0.780s] DEBUG:colcon.colcon_core.event_handler.log_command:Invoking command in '/home/hmi/Desktop/humble_ws/build/isaac_tutorials': CMAKE_PREFIX_PATH=/opt/ros/humble /usr/bin/cmake --install /home/hmi/Desktop/humble_ws/build/isaac_tutorials
[0.782s] Level 1:colcon.colcon_core.environment:create_environment_scripts_only(isaacsim)
[0.782s] Level 1:colcon.colcon_core.environment:checking '/home/hmi/Desktop/humble_ws/install/isaacsim' for CMake module files
[0.782s] DEBUG:colcon.colcon_core.event_handler.log_command:Invoked command in '/home/hmi/Desktop/humble_ws/build/isaacsim' returned '0': CMAKE_PREFIX_PATH=/opt/ros/humble /usr/bin/cmake --install /home/hmi/Desktop/humble_ws/build/isaacsim
[0.782s] Level 1:colcon.colcon_core.environment:checking '/home/hmi/Desktop/humble_ws/install/isaacsim' for CMake config files
[0.783s] Level 1:colcon.colcon_core.shell:create_environment_hook('isaacsim', 'cmake_prefix_path')
[0.783s] INFO:colcon.colcon_core.shell:Creating environment hook '/home/hmi/Desktop/humble_ws/install/isaacsim/share/isaacsim/hook/cmake_prefix_path.ps1'
[0.783s] INFO:colcon.colcon_core.shell:Creating environment descriptor '/home/hmi/Desktop/humble_ws/install/isaacsim/share/isaacsim/hook/cmake_prefix_path.dsv'
[0.783s] INFO:colcon.colcon_core.shell:Creating environment hook '/home/hmi/Desktop/humble_ws/install/isaacsim/share/isaacsim/hook/cmake_prefix_path.sh'
[0.783s] Level 1:colcon.colcon_core.environment:checking '/home/hmi/Desktop/humble_ws/install/isaacsim/lib'
[0.784s] Level 1:colcon.colcon_core.environment:checking '/home/hmi/Desktop/humble_ws/install/isaacsim/bin'
[0.784s] Level 1:colcon.colcon_core.environment:checking '/home/hmi/Desktop/humble_ws/install/isaacsim/lib/pkgconfig/isaacsim.pc'
[0.784s] Level 1:colcon.colcon_core.environment:checking '/home/hmi/Desktop/humble_ws/install/isaacsim/lib/python3.10/site-packages'
[0.784s] Level 1:colcon.colcon_core.environment:checking '/home/hmi/Desktop/humble_ws/install/isaacsim/bin'
[0.784s] INFO:colcon.colcon_core.shell:Creating package script '/home/hmi/Desktop/humble_ws/install/isaacsim/share/isaacsim/package.ps1'
[0.785s] INFO:colcon.colcon_core.shell:Creating package descriptor '/home/hmi/Desktop/humble_ws/install/isaacsim/share/isaacsim/package.dsv'
[0.786s] INFO:colcon.colcon_core.shell:Creating package script '/home/hmi/Desktop/humble_ws/install/isaacsim/share/isaacsim/package.sh'
[0.787s] INFO:colcon.colcon_core.shell:Creating package script '/home/hmi/Desktop/humble_ws/install/isaacsim/share/isaacsim/package.bash'
[0.787s] INFO:colcon.colcon_core.shell:Creating package script '/home/hmi/Desktop/humble_ws/install/isaacsim/share/isaacsim/package.zsh'
[0.787s] Level 1:colcon.colcon_core.environment:create_file_with_runtime_dependencies(/home/hmi/Desktop/humble_ws/install/isaacsim/share/colcon-core/packages/isaacsim)
[0.787s] Level 1:colcon.colcon_core.environment:create_environment_scripts_only(isaacsim)
[0.788s] Level 1:colcon.colcon_core.environment:checking '/home/hmi/Desktop/humble_ws/install/isaacsim' for CMake module files
[0.788s] Level 1:colcon.colcon_core.environment:checking '/home/hmi/Desktop/humble_ws/install/isaacsim' for CMake config files
[0.788s] Level 1:colcon.colcon_core.shell:create_environment_hook('isaacsim', 'cmake_prefix_path')
[0.788s] INFO:colcon.colcon_core.shell:Creating environment hook '/home/hmi/Desktop/humble_ws/install/isaacsim/share/isaacsim/hook/cmake_prefix_path.ps1'
[0.788s] INFO:colcon.colcon_core.shell:Creating environment descriptor '/home/hmi/Desktop/humble_ws/install/isaacsim/share/isaacsim/hook/cmake_prefix_path.dsv'
[0.789s] INFO:colcon.colcon_core.shell:Creating environment hook '/home/hmi/Desktop/humble_ws/install/isaacsim/share/isaacsim/hook/cmake_prefix_path.sh'
[0.789s] Level 1:colcon.colcon_core.environment:checking '/home/hmi/Desktop/humble_ws/install/isaacsim/lib'
[0.789s] Level 1:colcon.colcon_core.environment:checking '/home/hmi/Desktop/humble_ws/install/isaacsim/bin'
[0.789s] Level 1:colcon.colcon_core.environment:checking '/home/hmi/Desktop/humble_ws/install/isaacsim/lib/pkgconfig/isaacsim.pc'
[0.789s] Level 1:colcon.colcon_core.environment:checking '/home/hmi/Desktop/humble_ws/install/isaacsim/lib/python3.10/site-packages'
[0.789s] Level 1:colcon.colcon_core.environment:checking '/home/hmi/Desktop/humble_ws/install/isaacsim/bin'
[0.789s] INFO:colcon.colcon_core.shell:Creating package script '/home/hmi/Desktop/humble_ws/install/isaacsim/share/isaacsim/package.ps1'
[0.790s] INFO:colcon.colcon_core.shell:Creating package descriptor '/home/hmi/Desktop/humble_ws/install/isaacsim/share/isaacsim/package.dsv'
[0.790s] INFO:colcon.colcon_core.shell:Creating package script '/home/hmi/Desktop/humble_ws/install/isaacsim/share/isaacsim/package.sh'
[0.790s] INFO:colcon.colcon_core.shell:Creating package script '/home/hmi/Desktop/humble_ws/install/isaacsim/share/isaacsim/package.bash'
[0.791s] INFO:colcon.colcon_core.shell:Creating package script '/home/hmi/Desktop/humble_ws/install/isaacsim/share/isaacsim/package.zsh'
[0.791s] Level 1:colcon.colcon_core.environment:create_file_with_runtime_dependencies(/home/hmi/Desktop/humble_ws/install/isaacsim/share/colcon-core/packages/isaacsim)
[0.793s] Level 1:colcon.colcon_core.environment:create_environment_scripts_only(isaac_tutorials)
[0.793s] Level 1:colcon.colcon_core.environment:checking '/home/hmi/Desktop/humble_ws/install/isaac_tutorials' for CMake module files
[0.793s] Level 1:colcon.colcon_core.environment:checking '/home/hmi/Desktop/humble_ws/install/isaac_tutorials' for CMake config files
[0.794s] Level 1:colcon.colcon_core.shell:create_environment_hook('isaac_tutorials', 'cmake_prefix_path')
[0.794s] INFO:colcon.colcon_core.shell:Creating environment hook '/home/hmi/Desktop/humble_ws/install/isaac_tutorials/share/isaac_tutorials/hook/cmake_prefix_path.ps1'
[0.794s] DEBUG:colcon.colcon_core.event_handler.log_command:Invoked command in '/home/hmi/Desktop/humble_ws/build/isaac_tutorials' returned '0': CMAKE_PREFIX_PATH=/opt/ros/humble /usr/bin/cmake --install /home/hmi/Desktop/humble_ws/build/isaac_tutorials
[0.794s] INFO:colcon.colcon_core.shell:Creating environment descriptor '/home/hmi/Desktop/humble_ws/install/isaac_tutorials/share/isaac_tutorials/hook/cmake_prefix_path.dsv'
[0.794s] INFO:colcon.colcon_core.shell:Creating environment hook '/home/hmi/Desktop/humble_ws/install/isaac_tutorials/share/isaac_tutorials/hook/cmake_prefix_path.sh'
[0.794s] Level 1:colcon.colcon_core.environment:checking '/home/hmi/Desktop/humble_ws/install/isaac_tutorials/lib'
[0.795s] Level 1:colcon.colcon_core.environment:checking '/home/hmi/Desktop/humble_ws/install/isaac_tutorials/bin'
[0.795s] Level 1:colcon.colcon_core.environment:checking '/home/hmi/Desktop/humble_ws/install/isaac_tutorials/lib/pkgconfig/isaac_tutorials.pc'
[0.795s] Level 1:colcon.colcon_core.environment:checking '/home/hmi/Desktop/humble_ws/install/isaac_tutorials/lib/python3.10/site-packages'
[0.795s] Level 1:colcon.colcon_core.environment:checking '/home/hmi/Desktop/humble_ws/install/isaac_tutorials/bin'
[0.795s] INFO:colcon.colcon_core.shell:Creating package script '/home/hmi/Desktop/humble_ws/install/isaac_tutorials/share/isaac_tutorials/package.ps1'
[0.795s] INFO:colcon.colcon_core.shell:Creating package descriptor '/home/hmi/Desktop/humble_ws/install/isaac_tutorials/share/isaac_tutorials/package.dsv'
[0.795s] INFO:colcon.colcon_core.shell:Creating package script '/home/hmi/Desktop/humble_ws/install/isaac_tutorials/share/isaac_tutorials/package.sh'
[0.796s] INFO:colcon.colcon_core.shell:Creating package script '/home/hmi/Desktop/humble_ws/install/isaac_tutorials/share/isaac_tutorials/package.bash'
[0.796s] INFO:colcon.colcon_core.shell:Creating package script '/home/hmi/Desktop/humble_ws/install/isaac_tutorials/share/isaac_tutorials/package.zsh'
[0.796s] Level 1:colcon.colcon_core.environment:create_file_with_runtime_dependencies(/home/hmi/Desktop/humble_ws/install/isaac_tutorials/share/colcon-core/packages/isaac_tutorials)
[0.796s] Level 1:colcon.colcon_core.environment:create_environment_scripts_only(isaac_tutorials)
[0.796s] Level 1:colcon.colcon_core.environment:checking '/home/hmi/Desktop/humble_ws/install/isaac_tutorials' for CMake module files
[0.796s] Level 1:colcon.colcon_core.environment:checking '/home/hmi/Desktop/humble_ws/install/isaac_tutorials' for CMake config files
[0.797s] Level 1:colcon.colcon_core.shell:create_environment_hook('isaac_tutorials', 'cmake_prefix_path')
[0.797s] INFO:colcon.colcon_core.shell:Creating environment hook '/home/hmi/Desktop/humble_ws/install/isaac_tutorials/share/isaac_tutorials/hook/cmake_prefix_path.ps1'
[0.797s] INFO:colcon.colcon_core.shell:Creating environment descriptor '/home/hmi/Desktop/humble_ws/install/isaac_tutorials/share/isaac_tutorials/hook/cmake_prefix_path.dsv'
[0.797s] INFO:colcon.colcon_core.shell:Creating environment hook '/home/hmi/Desktop/humble_ws/install/isaac_tutorials/share/isaac_tutorials/hook/cmake_prefix_path.sh'
[0.797s] Level 1:colcon.colcon_core.environment:checking '/home/hmi/Desktop/humble_ws/install/isaac_tutorials/lib'
[0.797s] Level 1:colcon.colcon_core.environment:checking '/home/hmi/Desktop/humble_ws/install/isaac_tutorials/bin'
[0.797s] Level 1:colcon.colcon_core.environment:checking '/home/hmi/Desktop/humble_ws/install/isaac_tutorials/lib/pkgconfig/isaac_tutorials.pc'
[0.797s] Level 1:colcon.colcon_core.environment:checking '/home/hmi/Desktop/humble_ws/install/isaac_tutorials/lib/python3.10/site-packages'
[0.798s] Level 1:colcon.colcon_core.environment:checking '/home/hmi/Desktop/humble_ws/install/isaac_tutorials/bin'
[0.798s] INFO:colcon.colcon_core.shell:Creating package script '/home/hmi/Desktop/humble_ws/install/isaac_tutorials/share/isaac_tutorials/package.ps1'
[0.798s] INFO:colcon.colcon_core.shell:Creating package descriptor '/home/hmi/Desktop/humble_ws/install/isaac_tutorials/share/isaac_tutorials/package.dsv'
[0.798s] INFO:colcon.colcon_core.shell:Creating package script '/home/hmi/Desktop/humble_ws/install/isaac_tutorials/share/isaac_tutorials/package.sh'
[0.798s] INFO:colcon.colcon_core.shell:Creating package script '/home/hmi/Desktop/humble_ws/install/isaac_tutorials/share/isaac_tutorials/package.bash'
[0.799s] INFO:colcon.colcon_core.shell:Creating package script '/home/hmi/Desktop/humble_ws/install/isaac_tutorials/share/isaac_tutorials/package.zsh'
[0.799s] Level 1:colcon.colcon_core.environment:create_file_with_runtime_dependencies(/home/hmi/Desktop/humble_ws/install/isaac_tutorials/share/colcon-core/packages/isaac_tutorials)
[1.195s] DEBUG:colcon.colcon_core.event_handler.log_command:Invoked command in '/home/hmi/Desktop/humble_ws/build/custom_message' returned '0': CMAKE_PREFIX_PATH=/opt/ros/humble /usr/bin/cmake /home/hmi/Desktop/humble_ws/src/custom_message -DCMAKE_INSTALL_PREFIX=/home/hmi/Desktop/humble_ws/install/custom_message
[1.195s] DEBUG:colcon.colcon_core.event_handler.log_command:Invoking command in '/home/hmi/Desktop/humble_ws/build/custom_message': CMAKE_PREFIX_PATH=/opt/ros/humble /usr/bin/cmake --build /home/hmi/Desktop/humble_ws/build/custom_message -- -j32 -l32
[1.327s] DEBUG:colcon.colcon_core.event_handler.log_command:Invoked command in '/home/hmi/Desktop/humble_ws/build/isaac_ros2_messages' returned '0': CMAKE_PREFIX_PATH=/opt/ros/humble /usr/bin/cmake /home/hmi/Desktop/humble_ws/src/isaac_ros2_messages -DCMAKE_INSTALL_PREFIX=/home/hmi/Desktop/humble_ws/install/isaac_ros2_messages
[1.327s] DEBUG:colcon.colcon_core.event_handler.log_command:Invoking command in '/home/hmi/Desktop/humble_ws/build/isaac_ros2_messages': CMAKE_PREFIX_PATH=/opt/ros/humble /usr/bin/cmake --build /home/hmi/Desktop/humble_ws/build/isaac_ros2_messages -- -j32 -l32
[2.482s] DEBUG:colcon.colcon_core.event_handler.log_command:Invoked command in '/home/hmi/Desktop/humble_ws/build/custom_message' returned '0': CMAKE_PREFIX_PATH=/opt/ros/humble /usr/bin/cmake --build /home/hmi/Desktop/humble_ws/build/custom_message -- -j32 -l32
[2.484s] DEBUG:colcon.colcon_core.event_handler.log_command:Invoking command in '/home/hmi/Desktop/humble_ws/build/custom_message': CMAKE_PREFIX_PATH=/opt/ros/humble /usr/bin/cmake --install /home/hmi/Desktop/humble_ws/build/custom_message
[2.552s] Level 1:colcon.colcon_core.environment:create_environment_scripts_only(custom_message)
[2.553s] Level 1:colcon.colcon_core.environment:checking '/home/hmi/Desktop/humble_ws/install/custom_message' for CMake module files
[2.553s] DEBUG:colcon.colcon_core.event_handler.log_command:Invoked command in '/home/hmi/Desktop/humble_ws/build/custom_message' returned '0': CMAKE_PREFIX_PATH=/opt/ros/humble /usr/bin/cmake --install /home/hmi/Desktop/humble_ws/build/custom_message
[2.554s] Level 1:colcon.colcon_core.environment:checking '/home/hmi/Desktop/humble_ws/install/custom_message' for CMake config files
[2.555s] Level 1:colcon.colcon_core.shell:create_environment_hook('custom_message', 'cmake_prefix_path')
[2.556s] INFO:colcon.colcon_core.shell:Creating environment hook '/home/hmi/Desktop/humble_ws/install/custom_message/share/custom_message/hook/cmake_prefix_path.ps1'
[2.556s] INFO:colcon.colcon_core.shell:Creating environment descriptor '/home/hmi/Desktop/humble_ws/install/custom_message/share/custom_message/hook/cmake_prefix_path.dsv'
[2.557s] INFO:colcon.colcon_core.shell:Creating environment hook '/home/hmi/Desktop/humble_ws/install/custom_message/share/custom_message/hook/cmake_prefix_path.sh'
[2.558s] Level 1:colcon.colcon_core.environment:checking '/home/hmi/Desktop/humble_ws/install/custom_message/lib'
[2.558s] Level 1:colcon.colcon_core.shell:create_environment_hook('custom_message', 'ld_library_path_lib')
[2.558s] INFO:colcon.colcon_core.shell:Creating environment hook '/home/hmi/Desktop/humble_ws/install/custom_message/share/custom_message/hook/ld_library_path_lib.ps1'
[2.559s] INFO:colcon.colcon_core.shell:Creating environment descriptor '/home/hmi/Desktop/humble_ws/install/custom_message/share/custom_message/hook/ld_library_path_lib.dsv'
[2.560s] INFO:colcon.colcon_core.shell:Creating environment hook '/home/hmi/Desktop/humble_ws/install/custom_message/share/custom_message/hook/ld_library_path_lib.sh'
[2.560s] Level 1:colcon.colcon_core.environment:checking '/home/hmi/Desktop/humble_ws/install/custom_message/bin'
[2.560s] Level 1:colcon.colcon_core.environment:checking '/home/hmi/Desktop/humble_ws/install/custom_message/lib/pkgconfig/custom_message.pc'
[2.561s] Level 1:colcon.colcon_core.environment:checking '/home/hmi/Desktop/humble_ws/install/custom_message/lib/python3.10/site-packages'
[2.561s] Level 1:colcon.colcon_core.environment:checking '/home/hmi/Desktop/humble_ws/install/custom_message/bin'
[2.562s] INFO:colcon.colcon_core.shell:Creating package script '/home/hmi/Desktop/humble_ws/install/custom_message/share/custom_message/package.ps1'
[2.562s] INFO:colcon.colcon_core.shell:Creating package descriptor '/home/hmi/Desktop/humble_ws/install/custom_message/share/custom_message/package.dsv'
[2.563s] INFO:colcon.colcon_core.shell:Creating package script '/home/hmi/Desktop/humble_ws/install/custom_message/share/custom_message/package.sh'
[2.564s] INFO:colcon.colcon_core.shell:Creating package script '/home/hmi/Desktop/humble_ws/install/custom_message/share/custom_message/package.bash'
[2.564s] INFO:colcon.colcon_core.shell:Creating package script '/home/hmi/Desktop/humble_ws/install/custom_message/share/custom_message/package.zsh'
[2.565s] Level 1:colcon.colcon_core.environment:create_file_with_runtime_dependencies(/home/hmi/Desktop/humble_ws/install/custom_message/share/colcon-core/packages/custom_message)
[2.566s] Level 1:colcon.colcon_core.environment:create_environment_scripts_only(custom_message)
[2.566s] Level 1:colcon.colcon_core.environment:checking '/home/hmi/Desktop/humble_ws/install/custom_message' for CMake module files
[2.567s] Level 1:colcon.colcon_core.environment:checking '/home/hmi/Desktop/humble_ws/install/custom_message' for CMake config files
[2.568s] Level 1:colcon.colcon_core.shell:create_environment_hook('custom_message', 'cmake_prefix_path')
[2.569s] INFO:colcon.colcon_core.shell:Creating environment hook '/home/hmi/Desktop/humble_ws/install/custom_message/share/custom_message/hook/cmake_prefix_path.ps1'
[2.569s] INFO:colcon.colcon_core.shell:Creating environment descriptor '/home/hmi/Desktop/humble_ws/install/custom_message/share/custom_message/hook/cmake_prefix_path.dsv'
[2.570s] INFO:colcon.colcon_core.shell:Creating environment hook '/home/hmi/Desktop/humble_ws/install/custom_message/share/custom_message/hook/cmake_prefix_path.sh'
[2.571s] Level 1:colcon.colcon_core.environment:checking '/home/hmi/Desktop/humble_ws/install/custom_message/lib'
[2.571s] Level 1:colcon.colcon_core.shell:create_environment_hook('custom_message', 'ld_library_path_lib')
[2.571s] INFO:colcon.colcon_core.shell:Creating environment hook '/home/hmi/Desktop/humble_ws/install/custom_message/share/custom_message/hook/ld_library_path_lib.ps1'
[2.572s] INFO:colcon.colcon_core.shell:Creating environment descriptor '/home/hmi/Desktop/humble_ws/install/custom_message/share/custom_message/hook/ld_library_path_lib.dsv'
[2.572s] INFO:colcon.colcon_core.shell:Creating environment hook '/home/hmi/Desktop/humble_ws/install/custom_message/share/custom_message/hook/ld_library_path_lib.sh'
[2.573s] Level 1:colcon.colcon_core.environment:checking '/home/hmi/Desktop/humble_ws/install/custom_message/bin'
[2.573s] Level 1:colcon.colcon_core.environment:checking '/home/hmi/Desktop/humble_ws/install/custom_message/lib/pkgconfig/custom_message.pc'
[2.573s] Level 1:colcon.colcon_core.environment:checking '/home/hmi/Desktop/humble_ws/install/custom_message/lib/python3.10/site-packages'
[2.574s] Level 1:colcon.colcon_core.environment:checking '/home/hmi/Desktop/humble_ws/install/custom_message/bin'
[2.574s] INFO:colcon.colcon_core.shell:Creating package script '/home/hmi/Desktop/humble_ws/install/custom_message/share/custom_message/package.ps1'
[2.575s] INFO:colcon.colcon_core.shell:Creating package descriptor '/home/hmi/Desktop/humble_ws/install/custom_message/share/custom_message/package.dsv'
[2.576s] INFO:colcon.colcon_core.shell:Creating package script '/home/hmi/Desktop/humble_ws/install/custom_message/share/custom_message/package.sh'
[2.577s] INFO:colcon.colcon_core.shell:Creating package script '/home/hmi/Desktop/humble_ws/install/custom_message/share/custom_message/package.bash'
[2.578s] INFO:colcon.colcon_core.shell:Creating package script '/home/hmi/Desktop/humble_ws/install/custom_message/share/custom_message/package.zsh'
[2.579s] Level 1:colcon.colcon_core.environment:create_file_with_runtime_dependencies(/home/hmi/Desktop/humble_ws/install/custom_message/share/colcon-core/packages/custom_message)
[3.788s] DEBUG:colcon.colcon_core.event_handler.log_command:Invoked command in '/home/hmi/Desktop/humble_ws/build/isaac_ros2_messages' returned '0': CMAKE_PREFIX_PATH=/opt/ros/humble /usr/bin/cmake --build /home/hmi/Desktop/humble_ws/build/isaac_ros2_messages -- -j32 -l32
[3.790s] DEBUG:colcon.colcon_core.event_handler.log_command:Invoking command in '/home/hmi/Desktop/humble_ws/build/isaac_ros2_messages': CMAKE_PREFIX_PATH=/opt/ros/humble /usr/bin/cmake --install /home/hmi/Desktop/humble_ws/build/isaac_ros2_messages
[3.848s] Level 1:colcon.colcon_core.environment:create_environment_scripts_only(isaac_ros2_messages)
[3.848s] DEBUG:colcon.colcon_core.event_handler.log_command:Invoked command in '/home/hmi/Desktop/humble_ws/build/isaac_ros2_messages' returned '0': CMAKE_PREFIX_PATH=/opt/ros/humble /usr/bin/cmake --install /home/hmi/Desktop/humble_ws/build/isaac_ros2_messages
[3.848s] Level 1:colcon.colcon_core.environment:checking '/home/hmi/Desktop/humble_ws/install/isaac_ros2_messages' for CMake module files
[3.849s] Level 1:colcon.colcon_core.environment:checking '/home/hmi/Desktop/humble_ws/install/isaac_ros2_messages' for CMake config files
[3.849s] Level 1:colcon.colcon_core.shell:create_environment_hook('isaac_ros2_messages', 'cmake_prefix_path')
[3.849s] INFO:colcon.colcon_core.shell:Creating environment hook '/home/hmi/Desktop/humble_ws/install/isaac_ros2_messages/share/isaac_ros2_messages/hook/cmake_prefix_path.ps1'
[3.850s] INFO:colcon.colcon_core.shell:Creating environment descriptor '/home/hmi/Desktop/humble_ws/install/isaac_ros2_messages/share/isaac_ros2_messages/hook/cmake_prefix_path.dsv'
[3.850s] INFO:colcon.colcon_core.shell:Creating environment hook '/home/hmi/Desktop/humble_ws/install/isaac_ros2_messages/share/isaac_ros2_messages/hook/cmake_prefix_path.sh'
[3.850s] Level 1:colcon.colcon_core.environment:checking '/home/hmi/Desktop/humble_ws/install/isaac_ros2_messages/lib'
[3.850s] Level 1:colcon.colcon_core.shell:create_environment_hook('isaac_ros2_messages', 'ld_library_path_lib')
[3.851s] INFO:colcon.colcon_core.shell:Creating environment hook '/home/hmi/Desktop/humble_ws/install/isaac_ros2_messages/share/isaac_ros2_messages/hook/ld_library_path_lib.ps1'
[3.851s] INFO:colcon.colcon_core.shell:Creating environment descriptor '/home/hmi/Desktop/humble_ws/install/isaac_ros2_messages/share/isaac_ros2_messages/hook/ld_library_path_lib.dsv'
[3.851s] INFO:colcon.colcon_core.shell:Creating environment hook '/home/hmi/Desktop/humble_ws/install/isaac_ros2_messages/share/isaac_ros2_messages/hook/ld_library_path_lib.sh'
[3.851s] Level 1:colcon.colcon_core.environment:checking '/home/hmi/Desktop/humble_ws/install/isaac_ros2_messages/bin'
[3.851s] Level 1:colcon.colcon_core.environment:checking '/home/hmi/Desktop/humble_ws/install/isaac_ros2_messages/lib/pkgconfig/isaac_ros2_messages.pc'
[3.852s] Level 1:colcon.colcon_core.environment:checking '/home/hmi/Desktop/humble_ws/install/isaac_ros2_messages/lib/python3.10/site-packages'
[3.852s] Level 1:colcon.colcon_core.environment:checking '/home/hmi/Desktop/humble_ws/install/isaac_ros2_messages/bin'
[3.852s] INFO:colcon.colcon_core.shell:Creating package script '/home/hmi/Desktop/humble_ws/install/isaac_ros2_messages/share/isaac_ros2_messages/package.ps1'
[3.852s] INFO:colcon.colcon_core.shell:Creating package descriptor '/home/hmi/Desktop/humble_ws/install/isaac_ros2_messages/share/isaac_ros2_messages/package.dsv'
[3.853s] INFO:colcon.colcon_core.shell:Creating package script '/home/hmi/Desktop/humble_ws/install/isaac_ros2_messages/share/isaac_ros2_messages/package.sh'
[3.853s] INFO:colcon.colcon_core.shell:Creating package script '/home/hmi/Desktop/humble_ws/install/isaac_ros2_messages/share/isaac_ros2_messages/package.bash'
[3.853s] INFO:colcon.colcon_core.shell:Creating package script '/home/hmi/Desktop/humble_ws/install/isaac_ros2_messages/share/isaac_ros2_messages/package.zsh'
[3.853s] Level 1:colcon.colcon_core.environment:create_file_with_runtime_dependencies(/home/hmi/Desktop/humble_ws/install/isaac_ros2_messages/share/colcon-core/packages/isaac_ros2_messages)
[3.854s] Level 1:colcon.colcon_core.environment:create_environment_scripts_only(isaac_ros2_messages)
[3.854s] Level 1:colcon.colcon_core.environment:checking '/home/hmi/Desktop/humble_ws/install/isaac_ros2_messages' for CMake module files
[3.854s] Level 1:colcon.colcon_core.environment:checking '/home/hmi/Desktop/humble_ws/install/isaac_ros2_messages' for CMake config files
[3.854s] Level 1:colcon.colcon_core.shell:create_environment_hook('isaac_ros2_messages', 'cmake_prefix_path')
[3.854s] INFO:colcon.colcon_core.shell:Creating environment hook '/home/hmi/Desktop/humble_ws/install/isaac_ros2_messages/share/isaac_ros2_messages/hook/cmake_prefix_path.ps1'
[3.855s] INFO:colcon.colcon_core.shell:Creating environment descriptor '/home/hmi/Desktop/humble_ws/install/isaac_ros2_messages/share/isaac_ros2_messages/hook/cmake_prefix_path.dsv'
[3.855s] INFO:colcon.colcon_core.shell:Creating environment hook '/home/hmi/Desktop/humble_ws/install/isaac_ros2_messages/share/isaac_ros2_messages/hook/cmake_prefix_path.sh'
[3.855s] Level 1:colcon.colcon_core.environment:checking '/home/hmi/Desktop/humble_ws/install/isaac_ros2_messages/lib'
[3.855s] Level 1:colcon.colcon_core.shell:create_environment_hook('isaac_ros2_messages', 'ld_library_path_lib')
[3.855s] INFO:colcon.colcon_core.shell:Creating environment hook '/home/hmi/Desktop/humble_ws/install/isaac_ros2_messages/share/isaac_ros2_messages/hook/ld_library_path_lib.ps1'
[3.855s] INFO:colcon.colcon_core.shell:Creating environment descriptor '/home/hmi/Desktop/humble_ws/install/isaac_ros2_messages/share/isaac_ros2_messages/hook/ld_library_path_lib.dsv'
[3.856s] INFO:colcon.colcon_core.shell:Creating environment hook '/home/hmi/Desktop/humble_ws/install/isaac_ros2_messages/share/isaac_ros2_messages/hook/ld_library_path_lib.sh'
[3.856s] Level 1:colcon.colcon_core.environment:checking '/home/hmi/Desktop/humble_ws/install/isaac_ros2_messages/bin'
[3.856s] Level 1:colcon.colcon_core.environment:checking '/home/hmi/Desktop/humble_ws/install/isaac_ros2_messages/lib/pkgconfig/isaac_ros2_messages.pc'
[3.856s] Level 1:colcon.colcon_core.environment:checking '/home/hmi/Desktop/humble_ws/install/isaac_ros2_messages/lib/python3.10/site-packages'
[3.856s] Level 1:colcon.colcon_core.environment:checking '/home/hmi/Desktop/humble_ws/install/isaac_ros2_messages/bin'
[3.856s] INFO:colcon.colcon_core.shell:Creating package script '/home/hmi/Desktop/humble_ws/install/isaac_ros2_messages/share/isaac_ros2_messages/package.ps1'
[3.857s] INFO:colcon.colcon_core.shell:Creating package descriptor '/home/hmi/Desktop/humble_ws/install/isaac_ros2_messages/share/isaac_ros2_messages/package.dsv'
[3.857s] INFO:colcon.colcon_core.shell:Creating package script '/home/hmi/Desktop/humble_ws/install/isaac_ros2_messages/share/isaac_ros2_messages/package.sh'
[3.857s] INFO:colcon.colcon_core.shell:Creating package script '/home/hmi/Desktop/humble_ws/install/isaac_ros2_messages/share/isaac_ros2_messages/package.bash'
[3.858s] INFO:colcon.colcon_core.shell:Creating package script '/home/hmi/Desktop/humble_ws/install/isaac_ros2_messages/share/isaac_ros2_messages/package.zsh'
[3.858s] Level 1:colcon.colcon_core.environment:create_file_with_runtime_dependencies(/home/hmi/Desktop/humble_ws/install/isaac_ros2_messages/share/colcon-core/packages/isaac_ros2_messages)
[3.858s] DEBUG:colcon.colcon_parallel_executor.executor.parallel:closing loop
[3.858s] DEBUG:colcon.colcon_parallel_executor.executor.parallel:loop closed
[3.858s] DEBUG:colcon.colcon_parallel_executor.executor.parallel:run_until_complete finished with '0'
[3.858s] DEBUG:colcon.colcon_core.event_reactor:joining thread
[3.862s] INFO:colcon.colcon_core.plugin_system:Skipping extension 'colcon_notification.desktop_notification.terminal_notifier': Not used on non-Darwin systems
[3.863s] INFO:colcon.colcon_core.plugin_system:Skipping extension 'colcon_notification.desktop_notification.win32': Not used on non-Windows systems
[3.863s] INFO:colcon.colcon_notification.desktop_notification:Sending desktop notification using 'notify2'
[3.876s] DEBUG:colcon.colcon_core.event_reactor:joined thread
[3.877s] INFO:colcon.colcon_core.shell:Creating prefix script '/home/hmi/Desktop/humble_ws/install/local_setup.ps1'
[3.878s] INFO:colcon.colcon_core.shell:Creating prefix util module '/home/hmi/Desktop/humble_ws/install/_local_setup_util_ps1.py'
[3.880s] INFO:colcon.colcon_core.shell:Creating prefix chain script '/home/hmi/Desktop/humble_ws/install/setup.ps1'
[3.881s] INFO:colcon.colcon_core.shell:Creating prefix script '/home/hmi/Desktop/humble_ws/install/local_setup.sh'
[3.882s] INFO:colcon.colcon_core.shell:Creating prefix util module '/home/hmi/Desktop/humble_ws/install/_local_setup_util_sh.py'
[3.883s] INFO:colcon.colcon_core.shell:Creating prefix chain script '/home/hmi/Desktop/humble_ws/install/setup.sh'
[3.884s] INFO:colcon.colcon_core.shell:Creating prefix script '/home/hmi/Desktop/humble_ws/install/local_setup.bash'
[3.884s] INFO:colcon.colcon_core.shell:Creating prefix chain script '/home/hmi/Desktop/humble_ws/install/setup.bash'
[3.885s] INFO:colcon.colcon_core.shell:Creating prefix script '/home/hmi/Desktop/humble_ws/install/local_setup.zsh'
[3.886s] INFO:colcon.colcon_core.shell:Creating prefix chain script '/home/hmi/Desktop/humble_ws/install/setup.zsh'
