[0.014s] Invoking command in '/home/hmi/Desktop/humble_ws/build/custom_message': CMAKE_PREFIX_PATH=/opt/ros/humble /usr/bin/cmake /home/hmi/Desktop/humble_ws/src/custom_message -DCMAKE_INSTALL_PREFIX=/home/hmi/Desktop/humble_ws/install/custom_message
[0.137s] -- The C compiler identification is GNU 11.4.0
[0.137s] -- The CXX compiler identification is GNU 11.4.0
[0.137s] -- Detecting C compiler ABI info
[0.137s] -- Detecting C compiler ABI info - done
[0.137s] -- Check for working C compiler: /usr/bin/cc - skipped
[0.137s] -- Detecting C compile features
[0.137s] -- Detecting C compile features - done
[0.137s] -- Detecting CXX compiler ABI info
[0.189s] -- Detecting CXX compiler ABI info - done
[0.197s] -- Check for working CXX compiler: /usr/bin/c++ - skipped
[0.197s] -- Detecting CXX compile features
[0.197s] -- Detecting CXX compile features - done
[0.200s] -- Found ament_cmake: 1.3.11 (/opt/ros/humble/share/ament_cmake/cmake)
[0.307s] -- Found Python3: /usr/bin/python3 (found version "3.10.12") found components: Interpreter 
[0.387s] -- Found std_msgs: 4.2.4 (/opt/ros/humble/share/std_msgs/cmake)
[0.426s] -- Found rosidl_generator_c: 3.1.6 (/opt/ros/humble/share/rosidl_generator_c/cmake)
[0.430s] -- Found rosidl_adapter: 3.1.6 (/opt/ros/humble/share/rosidl_adapter/cmake)
[0.437s] -- Found rosidl_generator_cpp: 3.1.6 (/opt/ros/humble/share/rosidl_generator_cpp/cmake)
[0.447s] -- Using all available rosidl_typesupport_c: rosidl_typesupport_fastrtps_c;rosidl_typesupport_introspection_c
[0.464s] -- Using all available rosidl_typesupport_cpp: rosidl_typesupport_fastrtps_cpp;rosidl_typesupport_introspection_cpp
[0.480s] -- Found rosidl_default_generators: 1.2.0 (/opt/ros/humble/share/rosidl_default_generators/cmake)
[0.660s] -- Found ament_cmake_ros: 0.10.0 (/opt/ros/humble/share/ament_cmake_ros/cmake)
[0.856s] -- Using all available rosidl_typesupport_c: rosidl_typesupport_fastrtps_c;rosidl_typesupport_introspection_c
[0.935s] -- Using all available rosidl_typesupport_cpp: rosidl_typesupport_fastrtps_cpp;rosidl_typesupport_introspection_cpp
[0.947s] -- Found PythonInterp: /usr/bin/python3 (found suitable version "3.10.12", minimum required is "3.6") 
[0.948s] -- Found python_cmake_module: 0.10.0 (/opt/ros/humble/share/python_cmake_module/cmake)
[0.963s] -- Found PythonLibs: /usr/lib/x86_64-linux-gnu/libpython3.10.so (found suitable version "3.10.12", minimum required is "3.5") 
[0.964s] -- Using PYTHON_EXECUTABLE: /usr/bin/python3
[0.964s] -- Using PYTHON_INCLUDE_DIRS: /usr/include/python3.10
[0.964s] -- Using PYTHON_LIBRARIES: /usr/lib/x86_64-linux-gnu/libpython3.10.so
[0.977s] -- Found PythonExtra: .so  
[0.999s] -- Found ament_lint_auto: 0.12.11 (/opt/ros/humble/share/ament_lint_auto/cmake)
[1.009s] -- Added test 'copyright' to check source files copyright and LICENSE
[1.009s] -- Added test 'lint_cmake' to check CMake code style
[1.010s] -- Added test 'xmllint' to check XML markup files
[1.011s] -- Configuring done
[1.026s] -- Generating done
[1.032s] -- Build files have been written to: /home/hmi/Desktop/humble_ws/build/custom_message
[1.037s] Invoked command in '/home/hmi/Desktop/humble_ws/build/custom_message' returned '0': CMAKE_PREFIX_PATH=/opt/ros/humble /usr/bin/cmake /home/hmi/Desktop/humble_ws/src/custom_message -DCMAKE_INSTALL_PREFIX=/home/hmi/Desktop/humble_ws/install/custom_message
[1.037s] Invoking command in '/home/hmi/Desktop/humble_ws/build/custom_message': CMAKE_PREFIX_PATH=/opt/ros/humble /usr/bin/cmake --build /home/hmi/Desktop/humble_ws/build/custom_message -- -j32 -l32
[1.062s] [  3%] [34m[1mGenerating C code for ROS interfaces[0m
[1.068s] [  6%] [34m[1mGenerating C++ code for ROS interfaces[0m
[1.073s] [  6%] Built target ament_cmake_python_copy_custom_message
[1.198s] running egg_info
[1.199s] creating custom_message.egg-info
[1.199s] writing custom_message.egg-info/PKG-INFO
[1.199s] writing dependency_links to custom_message.egg-info/dependency_links.txt
[1.199s] writing top-level names to custom_message.egg-info/top_level.txt
[1.199s] writing manifest file 'custom_message.egg-info/SOURCES.txt'
[1.200s] reading manifest file 'custom_message.egg-info/SOURCES.txt'
[1.200s] writing manifest file 'custom_message.egg-info/SOURCES.txt'
[1.200s] [  6%] Built target custom_message__cpp
[1.209s] [  9%] [34m[1mGenerating C++ type support dispatch for ROS interfaces[0m
[1.210s] [ 16%] [34m[1mGenerating C++ type support for eProsima Fast-RTPS[0m
[1.210s] [ 16%] [34m[1mGenerating C++ introspection for ROS interfaces[0m
[1.210s] [ 19%] [32mBuilding C object CMakeFiles/custom_message__rosidl_generator_c.dir/rosidl_generator_c/custom_message/msg/detail/sample_msg__functions.c.o[0m
[1.218s] [ 19%] Built target ament_cmake_python_build_custom_message_egg
[1.245s] [ 22%] [32m[1mLinking C shared library libcustom_message__rosidl_generator_c.so[0m
[1.273s] [ 22%] Built target custom_message__rosidl_generator_c
[1.280s] [ 25%] [34m[1mGenerating C type support for eProsima Fast-RTPS[0m
[1.281s] [ 29%] [34m[1mGenerating C introspection for ROS interfaces[0m
[1.283s] [ 32%] [34m[1mGenerating C type support dispatch for ROS interfaces[0m
[1.360s] [ 35%] [32mBuilding CXX object CMakeFiles/custom_message__rosidl_typesupport_cpp.dir/rosidl_typesupport_cpp/custom_message/msg/sample_msg__type_support.cpp.o[0m
[1.377s] [ 38%] [32mBuilding CXX object CMakeFiles/custom_message__rosidl_typesupport_fastrtps_cpp.dir/rosidl_typesupport_fastrtps_cpp/custom_message/msg/detail/dds_fastrtps/sample_msg__type_support.cpp.o[0m
[1.439s] [ 41%] [32mBuilding CXX object CMakeFiles/custom_message__rosidl_typesupport_c.dir/rosidl_typesupport_c/custom_message/msg/sample_msg__type_support.cpp.o[0m
[1.449s] [ 45%] [32mBuilding C object CMakeFiles/custom_message__rosidl_typesupport_introspection_c.dir/rosidl_typesupport_introspection_c/custom_message/msg/detail/sample_msg__type_support.c.o[0m
[1.454s] [ 48%] [32mBuilding CXX object CMakeFiles/custom_message__rosidl_typesupport_introspection_cpp.dir/rosidl_typesupport_introspection_cpp/custom_message/msg/detail/sample_msg__type_support.cpp.o[0m
[1.470s] [ 51%] [32m[1mLinking CXX shared library libcustom_message__rosidl_typesupport_c.so[0m
[1.474s] [ 54%] [32mBuilding CXX object CMakeFiles/custom_message__rosidl_typesupport_fastrtps_c.dir/rosidl_typesupport_fastrtps_c/custom_message/msg/detail/sample_msg__type_support_c.cpp.o[0m
[1.474s] [ 58%] [32m[1mLinking C shared library libcustom_message__rosidl_typesupport_introspection_c.so[0m
[1.500s] [ 58%] Built target custom_message__rosidl_typesupport_c
[1.503s] [ 58%] Built target custom_message__rosidl_typesupport_introspection_c
[1.524s] [ 61%] [32m[1mLinking CXX shared library libcustom_message__rosidl_typesupport_cpp.so[0m
[1.555s] [ 61%] Built target custom_message__rosidl_typesupport_cpp
[1.604s] [ 64%] [32m[1mLinking CXX shared library libcustom_message__rosidl_typesupport_fastrtps_cpp.so[0m
[1.656s] [ 64%] Built target custom_message__rosidl_typesupport_fastrtps_cpp
[1.664s] [ 67%] [32m[1mLinking CXX shared library libcustom_message__rosidl_typesupport_fastrtps_c.so[0m
[1.718s] [ 70%] [32m[1mLinking CXX shared library libcustom_message__rosidl_typesupport_introspection_cpp.so[0m
[1.720s] [ 70%] Built target custom_message__rosidl_typesupport_fastrtps_c
[1.762s] [ 70%] Built target custom_message__rosidl_typesupport_introspection_cpp
[1.779s] [ 70%] Built target custom_message
[1.798s] [ 74%] [34m[1mGenerating Python code for ROS interfaces[0m
[1.981s] [ 74%] Built target custom_message__py
[1.999s] [ 77%] [32mBuilding C object CMakeFiles/custom_message__rosidl_generator_py.dir/rosidl_generator_py/custom_message/msg/_sample_msg_s.c.o[0m
[2.069s] [ 80%] [32m[1mLinking C shared library rosidl_generator_py/custom_message/libcustom_message__rosidl_generator_py.so[0m
[2.111s] [ 80%] Built target custom_message__rosidl_generator_py
[2.132s] [ 83%] [32mBuilding C object CMakeFiles/custom_message__rosidl_typesupport_introspection_c__pyext.dir/rosidl_generator_py/custom_message/_custom_message_s.ep.rosidl_typesupport_introspection_c.c.o[0m
[2.133s] [ 87%] [32mBuilding C object CMakeFiles/custom_message__rosidl_typesupport_fastrtps_c__pyext.dir/rosidl_generator_py/custom_message/_custom_message_s.ep.rosidl_typesupport_fastrtps_c.c.o[0m
[2.136s] [ 90%] [32mBuilding C object CMakeFiles/custom_message__rosidl_typesupport_c__pyext.dir/rosidl_generator_py/custom_message/_custom_message_s.ep.rosidl_typesupport_c.c.o[0m
[2.223s] [ 93%] [32m[1mLinking C shared library rosidl_generator_py/custom_message/custom_message_s__rosidl_typesupport_introspection_c.cpython-310-x86_64-linux-gnu.so[0m
[2.261s] [ 96%] [32m[1mLinking C shared library rosidl_generator_py/custom_message/custom_message_s__rosidl_typesupport_fastrtps_c.cpython-310-x86_64-linux-gnu.so[0m
[2.268s] [ 96%] Built target custom_message__rosidl_typesupport_introspection_c__pyext
[2.268s] [100%] [32m[1mLinking C shared library rosidl_generator_py/custom_message/custom_message_s__rosidl_typesupport_c.cpython-310-x86_64-linux-gnu.so[0m
[2.297s] [100%] Built target custom_message__rosidl_typesupport_fastrtps_c__pyext
[2.312s] [100%] Built target custom_message__rosidl_typesupport_c__pyext
[2.324s] Invoked command in '/home/hmi/Desktop/humble_ws/build/custom_message' returned '0': CMAKE_PREFIX_PATH=/opt/ros/humble /usr/bin/cmake --build /home/hmi/Desktop/humble_ws/build/custom_message -- -j32 -l32
[2.326s] Invoking command in '/home/hmi/Desktop/humble_ws/build/custom_message': CMAKE_PREFIX_PATH=/opt/ros/humble /usr/bin/cmake --install /home/hmi/Desktop/humble_ws/build/custom_message
[2.337s] -- Install configuration: ""
[2.337s] -- Installing: /home/hmi/Desktop/humble_ws/install/custom_message/share/ament_index/resource_index/rosidl_interfaces/custom_message
[2.338s] -- Installing: /home/hmi/Desktop/humble_ws/install/custom_message/include/custom_message/custom_message
[2.338s] -- Installing: /home/hmi/Desktop/humble_ws/install/custom_message/include/custom_message/custom_message/msg
[2.338s] -- Installing: /home/hmi/Desktop/humble_ws/install/custom_message/include/custom_message/custom_message/msg/rosidl_generator_c__visibility_control.h
[2.338s] -- Installing: /home/hmi/Desktop/humble_ws/install/custom_message/include/custom_message/custom_message/msg/sample_msg.h
[2.338s] -- Installing: /home/hmi/Desktop/humble_ws/install/custom_message/include/custom_message/custom_message/msg/detail
[2.338s] -- Installing: /home/hmi/Desktop/humble_ws/install/custom_message/include/custom_message/custom_message/msg/detail/sample_msg__functions.h
[2.338s] -- Installing: /home/hmi/Desktop/humble_ws/install/custom_message/include/custom_message/custom_message/msg/detail/sample_msg__type_support.h
[2.339s] -- Installing: /home/hmi/Desktop/humble_ws/install/custom_message/include/custom_message/custom_message/msg/detail/sample_msg__struct.h
[2.339s] -- Installing: /home/hmi/Desktop/humble_ws/install/custom_message/include/custom_message/custom_message/msg/detail/sample_msg__functions.c
[2.339s] -- Installing: /home/hmi/Desktop/humble_ws/install/custom_message/share/custom_message/environment/library_path.sh
[2.339s] -- Installing: /home/hmi/Desktop/humble_ws/install/custom_message/share/custom_message/environment/library_path.dsv
[2.339s] -- Installing: /home/hmi/Desktop/humble_ws/install/custom_message/lib/libcustom_message__rosidl_generator_c.so
[2.339s] -- Set runtime path of "/home/hmi/Desktop/humble_ws/install/custom_message/lib/libcustom_message__rosidl_generator_c.so" to ""
[2.339s] -- Up-to-date: /home/hmi/Desktop/humble_ws/install/custom_message/include/custom_message/custom_message
[2.340s] -- Up-to-date: /home/hmi/Desktop/humble_ws/install/custom_message/include/custom_message/custom_message/msg
[2.340s] -- Installing: /home/hmi/Desktop/humble_ws/install/custom_message/include/custom_message/custom_message/msg/rosidl_typesupport_fastrtps_c__visibility_control.h
[2.340s] -- Up-to-date: /home/hmi/Desktop/humble_ws/install/custom_message/include/custom_message/custom_message/msg/detail
[2.340s] -- Installing: /home/hmi/Desktop/humble_ws/install/custom_message/include/custom_message/custom_message/msg/detail/sample_msg__rosidl_typesupport_fastrtps_c.h
[2.340s] -- Installing: /home/hmi/Desktop/humble_ws/install/custom_message/lib/libcustom_message__rosidl_typesupport_fastrtps_c.so
[2.340s] -- Set runtime path of "/home/hmi/Desktop/humble_ws/install/custom_message/lib/libcustom_message__rosidl_typesupport_fastrtps_c.so" to ""
[2.340s] -- Up-to-date: /home/hmi/Desktop/humble_ws/install/custom_message/include/custom_message/custom_message
[2.341s] -- Up-to-date: /home/hmi/Desktop/humble_ws/install/custom_message/include/custom_message/custom_message/msg
[2.341s] -- Installing: /home/hmi/Desktop/humble_ws/install/custom_message/include/custom_message/custom_message/msg/rosidl_generator_cpp__visibility_control.hpp
[2.341s] -- Installing: /home/hmi/Desktop/humble_ws/install/custom_message/include/custom_message/custom_message/msg/sample_msg.hpp
[2.341s] -- Up-to-date: /home/hmi/Desktop/humble_ws/install/custom_message/include/custom_message/custom_message/msg/detail
[2.341s] -- Installing: /home/hmi/Desktop/humble_ws/install/custom_message/include/custom_message/custom_message/msg/detail/sample_msg__builder.hpp
[2.341s] -- Installing: /home/hmi/Desktop/humble_ws/install/custom_message/include/custom_message/custom_message/msg/detail/sample_msg__struct.hpp
[2.341s] -- Installing: /home/hmi/Desktop/humble_ws/install/custom_message/include/custom_message/custom_message/msg/detail/sample_msg__traits.hpp
[2.341s] -- Installing: /home/hmi/Desktop/humble_ws/install/custom_message/include/custom_message/custom_message/msg/detail/sample_msg__type_support.hpp
[2.341s] -- Up-to-date: /home/hmi/Desktop/humble_ws/install/custom_message/include/custom_message/custom_message
[2.342s] -- Up-to-date: /home/hmi/Desktop/humble_ws/install/custom_message/include/custom_message/custom_message/msg
[2.342s] -- Installing: /home/hmi/Desktop/humble_ws/install/custom_message/include/custom_message/custom_message/msg/rosidl_typesupport_fastrtps_cpp__visibility_control.h
[2.342s] -- Up-to-date: /home/hmi/Desktop/humble_ws/install/custom_message/include/custom_message/custom_message/msg/detail
[2.342s] -- Installing: /home/hmi/Desktop/humble_ws/install/custom_message/include/custom_message/custom_message/msg/detail/sample_msg__rosidl_typesupport_fastrtps_cpp.hpp
[2.342s] -- Installing: /home/hmi/Desktop/humble_ws/install/custom_message/include/custom_message/custom_message/msg/detail/dds_fastrtps
[2.342s] -- Installing: /home/hmi/Desktop/humble_ws/install/custom_message/lib/libcustom_message__rosidl_typesupport_fastrtps_cpp.so
[2.342s] -- Set runtime path of "/home/hmi/Desktop/humble_ws/install/custom_message/lib/libcustom_message__rosidl_typesupport_fastrtps_cpp.so" to ""
[2.343s] -- Up-to-date: /home/hmi/Desktop/humble_ws/install/custom_message/include/custom_message/custom_message
[2.343s] -- Up-to-date: /home/hmi/Desktop/humble_ws/install/custom_message/include/custom_message/custom_message/msg
[2.343s] -- Installing: /home/hmi/Desktop/humble_ws/install/custom_message/include/custom_message/custom_message/msg/rosidl_typesupport_introspection_c__visibility_control.h
[2.343s] -- Up-to-date: /home/hmi/Desktop/humble_ws/install/custom_message/include/custom_message/custom_message/msg/detail
[2.343s] -- Installing: /home/hmi/Desktop/humble_ws/install/custom_message/include/custom_message/custom_message/msg/detail/sample_msg__rosidl_typesupport_introspection_c.h
[2.344s] -- Installing: /home/hmi/Desktop/humble_ws/install/custom_message/include/custom_message/custom_message/msg/detail/sample_msg__type_support.c
[2.344s] -- Installing: /home/hmi/Desktop/humble_ws/install/custom_message/lib/libcustom_message__rosidl_typesupport_introspection_c.so
[2.344s] -- Set runtime path of "/home/hmi/Desktop/humble_ws/install/custom_message/lib/libcustom_message__rosidl_typesupport_introspection_c.so" to ""
[2.344s] -- Installing: /home/hmi/Desktop/humble_ws/install/custom_message/lib/libcustom_message__rosidl_typesupport_c.so
[2.344s] -- Set runtime path of "/home/hmi/Desktop/humble_ws/install/custom_message/lib/libcustom_message__rosidl_typesupport_c.so" to ""
[2.344s] -- Up-to-date: /home/hmi/Desktop/humble_ws/install/custom_message/include/custom_message/custom_message
[2.345s] -- Up-to-date: /home/hmi/Desktop/humble_ws/install/custom_message/include/custom_message/custom_message/msg
[2.345s] -- Up-to-date: /home/hmi/Desktop/humble_ws/install/custom_message/include/custom_message/custom_message/msg/detail
[2.345s] -- Installing: /home/hmi/Desktop/humble_ws/install/custom_message/include/custom_message/custom_message/msg/detail/sample_msg__type_support.cpp
[2.345s] -- Installing: /home/hmi/Desktop/humble_ws/install/custom_message/include/custom_message/custom_message/msg/detail/sample_msg__rosidl_typesupport_introspection_cpp.hpp
[2.345s] -- Installing: /home/hmi/Desktop/humble_ws/install/custom_message/lib/libcustom_message__rosidl_typesupport_introspection_cpp.so
[2.345s] -- Set runtime path of "/home/hmi/Desktop/humble_ws/install/custom_message/lib/libcustom_message__rosidl_typesupport_introspection_cpp.so" to ""
[2.345s] -- Installing: /home/hmi/Desktop/humble_ws/install/custom_message/lib/libcustom_message__rosidl_typesupport_cpp.so
[2.345s] -- Set runtime path of "/home/hmi/Desktop/humble_ws/install/custom_message/lib/libcustom_message__rosidl_typesupport_cpp.so" to ""
[2.345s] -- Installing: /home/hmi/Desktop/humble_ws/install/custom_message/share/custom_message/environment/pythonpath.sh
[2.345s] -- Installing: /home/hmi/Desktop/humble_ws/install/custom_message/share/custom_message/environment/pythonpath.dsv
[2.345s] -- Installing: /home/hmi/Desktop/humble_ws/install/custom_message/local/lib/python3.10/dist-packages/custom_message-0.0.0-py3.10.egg-info
[2.345s] -- Installing: /home/hmi/Desktop/humble_ws/install/custom_message/local/lib/python3.10/dist-packages/custom_message-0.0.0-py3.10.egg-info/SOURCES.txt
[2.345s] -- Installing: /home/hmi/Desktop/humble_ws/install/custom_message/local/lib/python3.10/dist-packages/custom_message-0.0.0-py3.10.egg-info/dependency_links.txt
[2.345s] -- Installing: /home/hmi/Desktop/humble_ws/install/custom_message/local/lib/python3.10/dist-packages/custom_message-0.0.0-py3.10.egg-info/top_level.txt
[2.345s] -- Installing: /home/hmi/Desktop/humble_ws/install/custom_message/local/lib/python3.10/dist-packages/custom_message-0.0.0-py3.10.egg-info/PKG-INFO
[2.345s] -- Installing: /home/hmi/Desktop/humble_ws/install/custom_message/local/lib/python3.10/dist-packages/custom_message
[2.345s] -- Installing: /home/hmi/Desktop/humble_ws/install/custom_message/local/lib/python3.10/dist-packages/custom_message/__init__.py
[2.345s] -- Installing: /home/hmi/Desktop/humble_ws/install/custom_message/local/lib/python3.10/dist-packages/custom_message/custom_message_s__rosidl_typesupport_fastrtps_c.cpython-310-x86_64-linux-gnu.so
[2.346s] -- Installing: /home/hmi/Desktop/humble_ws/install/custom_message/local/lib/python3.10/dist-packages/custom_message/_custom_message_s.ep.rosidl_typesupport_fastrtps_c.c
[2.346s] -- Installing: /home/hmi/Desktop/humble_ws/install/custom_message/local/lib/python3.10/dist-packages/custom_message/custom_message_s__rosidl_typesupport_introspection_c.cpython-310-x86_64-linux-gnu.so
[2.346s] -- Installing: /home/hmi/Desktop/humble_ws/install/custom_message/local/lib/python3.10/dist-packages/custom_message/_custom_message_s.ep.rosidl_typesupport_introspection_c.c
[2.346s] -- Installing: /home/hmi/Desktop/humble_ws/install/custom_message/local/lib/python3.10/dist-packages/custom_message/libcustom_message__rosidl_generator_py.so
[2.346s] -- Installing: /home/hmi/Desktop/humble_ws/install/custom_message/local/lib/python3.10/dist-packages/custom_message/_custom_message_s.ep.rosidl_typesupport_c.c
[2.346s] -- Installing: /home/hmi/Desktop/humble_ws/install/custom_message/local/lib/python3.10/dist-packages/custom_message/msg
[2.346s] -- Installing: /home/hmi/Desktop/humble_ws/install/custom_message/local/lib/python3.10/dist-packages/custom_message/msg/_sample_msg.py
[2.346s] -- Installing: /home/hmi/Desktop/humble_ws/install/custom_message/local/lib/python3.10/dist-packages/custom_message/msg/__init__.py
[2.346s] -- Installing: /home/hmi/Desktop/humble_ws/install/custom_message/local/lib/python3.10/dist-packages/custom_message/msg/_sample_msg_s.c
[2.346s] -- Installing: /home/hmi/Desktop/humble_ws/install/custom_message/local/lib/python3.10/dist-packages/custom_message/custom_message_s__rosidl_typesupport_c.cpython-310-x86_64-linux-gnu.so
[2.384s] Listing '/home/hmi/Desktop/humble_ws/install/custom_message/local/lib/python3.10/dist-packages/custom_message'...
[2.384s] Compiling '/home/hmi/Desktop/humble_ws/install/custom_message/local/lib/python3.10/dist-packages/custom_message/__init__.py'...
[2.384s] Listing '/home/hmi/Desktop/humble_ws/install/custom_message/local/lib/python3.10/dist-packages/custom_message/msg'...
[2.384s] Compiling '/home/hmi/Desktop/humble_ws/install/custom_message/local/lib/python3.10/dist-packages/custom_message/msg/__init__.py'...
[2.384s] Compiling '/home/hmi/Desktop/humble_ws/install/custom_message/local/lib/python3.10/dist-packages/custom_message/msg/_sample_msg.py'...
[2.388s] -- Installing: /home/hmi/Desktop/humble_ws/install/custom_message/local/lib/python3.10/dist-packages/custom_message/custom_message_s__rosidl_typesupport_fastrtps_c.cpython-310-x86_64-linux-gnu.so
[2.389s] -- Set runtime path of "/home/hmi/Desktop/humble_ws/install/custom_message/local/lib/python3.10/dist-packages/custom_message/custom_message_s__rosidl_typesupport_fastrtps_c.cpython-310-x86_64-linux-gnu.so" to ""
[2.389s] -- Installing: /home/hmi/Desktop/humble_ws/install/custom_message/local/lib/python3.10/dist-packages/custom_message/custom_message_s__rosidl_typesupport_introspection_c.cpython-310-x86_64-linux-gnu.so
[2.389s] -- Set runtime path of "/home/hmi/Desktop/humble_ws/install/custom_message/local/lib/python3.10/dist-packages/custom_message/custom_message_s__rosidl_typesupport_introspection_c.cpython-310-x86_64-linux-gnu.so" to ""
[2.389s] -- Installing: /home/hmi/Desktop/humble_ws/install/custom_message/local/lib/python3.10/dist-packages/custom_message/custom_message_s__rosidl_typesupport_c.cpython-310-x86_64-linux-gnu.so
[2.389s] -- Set runtime path of "/home/hmi/Desktop/humble_ws/install/custom_message/local/lib/python3.10/dist-packages/custom_message/custom_message_s__rosidl_typesupport_c.cpython-310-x86_64-linux-gnu.so" to ""
[2.389s] -- Installing: /home/hmi/Desktop/humble_ws/install/custom_message/lib/libcustom_message__rosidl_generator_py.so
[2.389s] -- Set runtime path of "/home/hmi/Desktop/humble_ws/install/custom_message/lib/libcustom_message__rosidl_generator_py.so" to ""
[2.389s] -- Installing: /home/hmi/Desktop/humble_ws/install/custom_message/share/custom_message/msg/SampleMsg.idl
[2.389s] -- Installing: /home/hmi/Desktop/humble_ws/install/custom_message/share/custom_message/msg/SampleMsg.msg
[2.390s] -- Installing: /home/hmi/Desktop/humble_ws/install/custom_message/share/ament_index/resource_index/package_run_dependencies/custom_message
[2.390s] -- Installing: /home/hmi/Desktop/humble_ws/install/custom_message/share/ament_index/resource_index/parent_prefix_path/custom_message
[2.390s] -- Installing: /home/hmi/Desktop/humble_ws/install/custom_message/share/custom_message/environment/ament_prefix_path.sh
[2.390s] -- Installing: /home/hmi/Desktop/humble_ws/install/custom_message/share/custom_message/environment/ament_prefix_path.dsv
[2.390s] -- Installing: /home/hmi/Desktop/humble_ws/install/custom_message/share/custom_message/environment/path.sh
[2.390s] -- Installing: /home/hmi/Desktop/humble_ws/install/custom_message/share/custom_message/environment/path.dsv
[2.390s] -- Installing: /home/hmi/Desktop/humble_ws/install/custom_message/share/custom_message/local_setup.bash
[2.390s] -- Installing: /home/hmi/Desktop/humble_ws/install/custom_message/share/custom_message/local_setup.sh
[2.390s] -- Installing: /home/hmi/Desktop/humble_ws/install/custom_message/share/custom_message/local_setup.zsh
[2.390s] -- Installing: /home/hmi/Desktop/humble_ws/install/custom_message/share/custom_message/local_setup.dsv
[2.390s] -- Installing: /home/hmi/Desktop/humble_ws/install/custom_message/share/custom_message/package.dsv
[2.391s] -- Installing: /home/hmi/Desktop/humble_ws/install/custom_message/share/ament_index/resource_index/packages/custom_message
[2.391s] -- Installing: /home/hmi/Desktop/humble_ws/install/custom_message/share/custom_message/cmake/export_custom_message__rosidl_generator_cExport.cmake
[2.391s] -- Installing: /home/hmi/Desktop/humble_ws/install/custom_message/share/custom_message/cmake/export_custom_message__rosidl_generator_cExport-noconfig.cmake
[2.391s] -- Installing: /home/hmi/Desktop/humble_ws/install/custom_message/share/custom_message/cmake/export_custom_message__rosidl_typesupport_fastrtps_cExport.cmake
[2.391s] -- Installing: /home/hmi/Desktop/humble_ws/install/custom_message/share/custom_message/cmake/export_custom_message__rosidl_typesupport_fastrtps_cExport-noconfig.cmake
[2.391s] -- Installing: /home/hmi/Desktop/humble_ws/install/custom_message/share/custom_message/cmake/export_custom_message__rosidl_generator_cppExport.cmake
[2.391s] -- Installing: /home/hmi/Desktop/humble_ws/install/custom_message/share/custom_message/cmake/export_custom_message__rosidl_typesupport_fastrtps_cppExport.cmake
[2.391s] -- Installing: /home/hmi/Desktop/humble_ws/install/custom_message/share/custom_message/cmake/export_custom_message__rosidl_typesupport_fastrtps_cppExport-noconfig.cmake
[2.391s] -- Installing: /home/hmi/Desktop/humble_ws/install/custom_message/share/custom_message/cmake/custom_message__rosidl_typesupport_introspection_cExport.cmake
[2.391s] -- Installing: /home/hmi/Desktop/humble_ws/install/custom_message/share/custom_message/cmake/custom_message__rosidl_typesupport_introspection_cExport-noconfig.cmake
[2.391s] -- Installing: /home/hmi/Desktop/humble_ws/install/custom_message/share/custom_message/cmake/custom_message__rosidl_typesupport_cExport.cmake
[2.392s] -- Installing: /home/hmi/Desktop/humble_ws/install/custom_message/share/custom_message/cmake/custom_message__rosidl_typesupport_cExport-noconfig.cmake
[2.392s] -- Installing: /home/hmi/Desktop/humble_ws/install/custom_message/share/custom_message/cmake/custom_message__rosidl_typesupport_introspection_cppExport.cmake
[2.392s] -- Installing: /home/hmi/Desktop/humble_ws/install/custom_message/share/custom_message/cmake/custom_message__rosidl_typesupport_introspection_cppExport-noconfig.cmake
[2.392s] -- Installing: /home/hmi/Desktop/humble_ws/install/custom_message/share/custom_message/cmake/custom_message__rosidl_typesupport_cppExport.cmake
[2.392s] -- Installing: /home/hmi/Desktop/humble_ws/install/custom_message/share/custom_message/cmake/custom_message__rosidl_typesupport_cppExport-noconfig.cmake
[2.392s] -- Installing: /home/hmi/Desktop/humble_ws/install/custom_message/share/custom_message/cmake/export_custom_message__rosidl_generator_pyExport.cmake
[2.392s] -- Installing: /home/hmi/Desktop/humble_ws/install/custom_message/share/custom_message/cmake/export_custom_message__rosidl_generator_pyExport-noconfig.cmake
[2.392s] -- Installing: /home/hmi/Desktop/humble_ws/install/custom_message/share/custom_message/cmake/rosidl_cmake-extras.cmake
[2.392s] -- Installing: /home/hmi/Desktop/humble_ws/install/custom_message/share/custom_message/cmake/ament_cmake_export_dependencies-extras.cmake
[2.392s] -- Installing: /home/hmi/Desktop/humble_ws/install/custom_message/share/custom_message/cmake/ament_cmake_export_include_directories-extras.cmake
[2.392s] -- Installing: /home/hmi/Desktop/humble_ws/install/custom_message/share/custom_message/cmake/ament_cmake_export_libraries-extras.cmake
[2.392s] -- Installing: /home/hmi/Desktop/humble_ws/install/custom_message/share/custom_message/cmake/ament_cmake_export_targets-extras.cmake
[2.393s] -- Installing: /home/hmi/Desktop/humble_ws/install/custom_message/share/custom_message/cmake/rosidl_cmake_export_typesupport_targets-extras.cmake
[2.393s] -- Installing: /home/hmi/Desktop/humble_ws/install/custom_message/share/custom_message/cmake/rosidl_cmake_export_typesupport_libraries-extras.cmake
[2.393s] -- Installing: /home/hmi/Desktop/humble_ws/install/custom_message/share/custom_message/cmake/custom_messageConfig.cmake
[2.393s] -- Installing: /home/hmi/Desktop/humble_ws/install/custom_message/share/custom_message/cmake/custom_messageConfig-version.cmake
[2.393s] -- Installing: /home/hmi/Desktop/humble_ws/install/custom_message/share/custom_message/package.xml
[2.395s] Invoked command in '/home/hmi/Desktop/humble_ws/build/custom_message' returned '0': CMAKE_PREFIX_PATH=/opt/ros/humble /usr/bin/cmake --install /home/hmi/Desktop/humble_ws/build/custom_message
