[0.129s] Invoking command in '/home/hmi/Desktop/humble_ws/build/isaac_tutorials': CMAKE_PREFIX_PATH=/opt/ros/humble /usr/bin/cmake /home/hmi/Desktop/humble_ws/src/isaac_tutorials -DCMAKE_INSTALL_PREFIX=/home/hmi/Desktop/humble_ws/install/isaac_tutorials
[0.172s] -- The C compiler identification is GNU 11.4.0
[0.213s] -- The CXX compiler identification is GNU 11.4.0
[0.218s] -- Detecting C compiler ABI info
[0.266s] -- Detecting C compiler ABI info - done
[0.271s] -- Check for working C compiler: /usr/bin/cc - skipped
[0.272s] -- Detecting C compile features
[0.272s] -- Detecting C compile features - done
[0.274s] -- Detecting CXX compiler ABI info
[0.336s] -- Detecting CXX compiler ABI info - done
[0.342s] -- Check for working CXX compiler: /usr/bin/c++ - skipped
[0.342s] -- Detecting CXX compile features
[0.343s] -- Detecting CXX compile features - done
[0.344s] -- Found ament_cmake: 1.3.11 (/opt/ros/humble/share/ament_cmake/cmake)
[0.464s] -- Found Python3: /usr/bin/python3 (found version "3.10.12") found components: Interpreter 
[0.538s] -- Found rclpy: 3.3.15 (/opt/ros/humble/share/rclpy/cmake)
[0.581s] -- Configuring done
[0.582s] -- Generating done
[0.583s] -- Build files have been written to: /home/hmi/Desktop/humble_ws/build/isaac_tutorials
[0.587s] Invoked command in '/home/hmi/Desktop/humble_ws/build/isaac_tutorials' returned '0': CMAKE_PREFIX_PATH=/opt/ros/humble /usr/bin/cmake /home/hmi/Desktop/humble_ws/src/isaac_tutorials -DCMAKE_INSTALL_PREFIX=/home/hmi/Desktop/humble_ws/install/isaac_tutorials
[0.588s] Invoking command in '/home/hmi/Desktop/humble_ws/build/isaac_tutorials': CMAKE_PREFIX_PATH=/opt/ros/humble /usr/bin/cmake --build /home/hmi/Desktop/humble_ws/build/isaac_tutorials -- -j32 -l32
[0.615s] Invoked command in '/home/hmi/Desktop/humble_ws/build/isaac_tutorials' returned '0': CMAKE_PREFIX_PATH=/opt/ros/humble /usr/bin/cmake --build /home/hmi/Desktop/humble_ws/build/isaac_tutorials -- -j32 -l32
[0.616s] Invoking command in '/home/hmi/Desktop/humble_ws/build/isaac_tutorials': CMAKE_PREFIX_PATH=/opt/ros/humble /usr/bin/cmake --install /home/hmi/Desktop/humble_ws/build/isaac_tutorials
[0.621s] -- Install configuration: ""
[0.621s] -- Installing: /home/hmi/Desktop/humble_ws/install/isaac_tutorials/share/isaac_tutorials/rviz2
[0.621s] -- Installing: /home/hmi/Desktop/humble_ws/install/isaac_tutorials/share/isaac_tutorials/rviz2/rtx_lidar.rviz
[0.621s] -- Installing: /home/hmi/Desktop/humble_ws/install/isaac_tutorials/share/isaac_tutorials/rviz2/camera_manual.rviz
[0.621s] -- Installing: /home/hmi/Desktop/humble_ws/install/isaac_tutorials/share/isaac_tutorials/rviz2/carter_stereo.rviz
[0.622s] -- Installing: /home/hmi/Desktop/humble_ws/install/isaac_tutorials/share/isaac_tutorials/rviz2/camera_lidar.rviz
[0.622s] -- Installing: /home/hmi/Desktop/humble_ws/install/isaac_tutorials/share/isaac_tutorials/rviz2/turtle_stereo.rviz
[0.622s] -- Installing: /home/hmi/Desktop/humble_ws/install/isaac_tutorials/share/isaac_tutorials/scripts
[0.622s] -- Installing: /home/hmi/Desktop/humble_ws/install/isaac_tutorials/share/isaac_tutorials/scripts/ros2_publisher.py
[0.622s] -- Installing: /home/hmi/Desktop/humble_ws/install/isaac_tutorials/share/isaac_tutorials/scripts/ros2_ackermann_publisher.py
[0.622s] -- Installing: /home/hmi/Desktop/humble_ws/install/isaac_tutorials/lib/isaac_tutorials/ros2_publisher.py
[0.622s] -- Installing: /home/hmi/Desktop/humble_ws/install/isaac_tutorials/lib/isaac_tutorials/ros2_ackermann_publisher.py
[0.622s] -- Installing: /home/hmi/Desktop/humble_ws/install/isaac_tutorials/share/ament_index/resource_index/package_run_dependencies/isaac_tutorials
[0.622s] -- Installing: /home/hmi/Desktop/humble_ws/install/isaac_tutorials/share/ament_index/resource_index/parent_prefix_path/isaac_tutorials
[0.623s] -- Installing: /home/hmi/Desktop/humble_ws/install/isaac_tutorials/share/isaac_tutorials/environment/ament_prefix_path.sh
[0.623s] -- Installing: /home/hmi/Desktop/humble_ws/install/isaac_tutorials/share/isaac_tutorials/environment/ament_prefix_path.dsv
[0.623s] -- Installing: /home/hmi/Desktop/humble_ws/install/isaac_tutorials/share/isaac_tutorials/environment/path.sh
[0.623s] -- Installing: /home/hmi/Desktop/humble_ws/install/isaac_tutorials/share/isaac_tutorials/environment/path.dsv
[0.623s] -- Installing: /home/hmi/Desktop/humble_ws/install/isaac_tutorials/share/isaac_tutorials/local_setup.bash
[0.623s] -- Installing: /home/hmi/Desktop/humble_ws/install/isaac_tutorials/share/isaac_tutorials/local_setup.sh
[0.623s] -- Installing: /home/hmi/Desktop/humble_ws/install/isaac_tutorials/share/isaac_tutorials/local_setup.zsh
[0.623s] -- Installing: /home/hmi/Desktop/humble_ws/install/isaac_tutorials/share/isaac_tutorials/local_setup.dsv
[0.623s] -- Installing: /home/hmi/Desktop/humble_ws/install/isaac_tutorials/share/isaac_tutorials/package.dsv
[0.623s] -- Installing: /home/hmi/Desktop/humble_ws/install/isaac_tutorials/share/ament_index/resource_index/packages/isaac_tutorials
[0.623s] -- Installing: /home/hmi/Desktop/humble_ws/install/isaac_tutorials/share/isaac_tutorials/cmake/isaac_tutorialsConfig.cmake
[0.623s] -- Installing: /home/hmi/Desktop/humble_ws/install/isaac_tutorials/share/isaac_tutorials/cmake/isaac_tutorialsConfig-version.cmake
[0.623s] -- Installing: /home/hmi/Desktop/humble_ws/install/isaac_tutorials/share/isaac_tutorials/package.xml
[0.630s] Invoked command in '/home/hmi/Desktop/humble_ws/build/isaac_tutorials' returned '0': CMAKE_PREFIX_PATH=/opt/ros/humble /usr/bin/cmake --install /home/hmi/Desktop/humble_ws/build/isaac_tutorials
